C51 COMPILER V9.00   ALLINIT                                                               01/23/2018 08:44:20 PAGE 1   


C51 COMPILER V9.00, COMPILATION OF MODULE ALLINIT
OBJECT MODULE PLACED IN .\Objects\allinit.obj
COMPILER INVOKED BY: C:\Keil_v5\C51\BIN\C51.EXE allinit.c OPTIMIZE(8,SPEED) BROWSE DEBUG OBJECTEXTEND PRINT(.\Listings\a
                    -llinit.lst) TABS(2) OBJECT(.\Objects\allinit.obj)

line level    source

   1          #include"STC15F2K60S2.h"
   2          #include"allinit.h"
*** WARNING C315 IN LINE 1 OF allinit.h: unknown #directive 'ifndef_ALLINIT_H_'
*** WARNING C315 IN LINE 2 OF allinit.h: unknown #directive 'define_ALLINIT_H_'
*** WARNING C312 IN LINE 22 OF allinit.h: misplaced endif control
   3          #include"LED.c"
   4          #define uchar unsigned char
   5          #define uint  unsigned int
   6          
   7          //º¯ÊýÉùÃ÷
   8          
   9          void main()
  10          {
  11   1        allinit();
  12   1        while(1)
  13   1        {
  14   2        if(P33==0)
  15   2        led_left();
  16   2        if(P32==0)
  17   2        led_right();  
  18   2        }
  19   1      }
  20          


MODULE INFORMATION:   STATIC OVERLAYABLE
   CODE SIZE        =    158    ----
   CONSTANT SIZE    =   ----    ----
   XDATA SIZE       =   ----    ----
   PDATA SIZE       =   ----    ----
   DATA SIZE        =      2    ----
   IDATA SIZE       =   ----    ----
   BIT SIZE         =   ----    ----
END OF MODULE INFORMATION.


C51 COMPILATION COMPLETE.  3 WARNING(S),  0 ERROR(S)
