C51 COMPILER V9.00   LED                                                                   01/21/2018 13:30:32 PAGE 1   


C51 COMPILER V9.00, COMPILATION OF MODULE LED
OBJECT MODULE PLACED IN .\Objects\LED.obj
COMPILER INVOKED BY: C:\Keil_v5\C51\BIN\C51.EXE LED.c OPTIMIZE(8,SPEED) BROWSE DEBUG OBJECTEXTEND PRINT(.\Listings\LED.l
                    -st) TABS(2) OBJECT(.\Objects\LED.obj)

line level    source

   1          #include"STC15F2K60S2.h"
   2          #include"intrins.h"
   3          
   4          void led_left()
   5          {
   6   1        static unsigned char ledchar=0xfe;
   7   1        if(P33==0)
   8   1        {
   9   2          P2=(P2&0x1F)|0x80;
  10   2          P0=_crol_(ledchar,1);
  11   2          P2=P2&0x1f;
  12   2        }
  13   1      }


MODULE INFORMATION:   STATIC OVERLAYABLE
   CODE SIZE        =     28    ----
   CONSTANT SIZE    =   ----    ----
   XDATA SIZE       =   ----    ----
   PDATA SIZE       =   ----    ----
   DATA SIZE        =      1    ----
   IDATA SIZE       =   ----    ----
   BIT SIZE         =   ----    ----
END OF MODULE INFORMATION.


C51 COMPILATION COMPLETE.  0 WARNING(S),  0 ERROR(S)
