C51 COMPILER V9.00   MAIN                                                                  03/21/2019 19:48:26 PAGE 1   


C51 COMPILER V9.00, COMPILATION OF MODULE MAIN
OBJECT MODULE PLACED IN Main.obj
COMPILER INVOKED BY: C:\Keil_v4\C51\BIN\C51.EXE Use\Main.c BROWSE DEBUG OBJECTEXTEND PRINT(.\Main.lst) OBJECT(Main.obj)

line level    source

   1           #include "Head.h"
   2           #include "Display.h"
   3           #include "Key.h"
   4           #include "ds1302.h"
   5           #include "iic.h"
   6          
   7           void InitAll();
   8          
   9           float AD = 0;
  10           char MAX = 20;
  11           char MIN = 10;
  12           uchar Khz = 10;
  13           uchar matter = 0;
  14          void main()
  15          {
  16   1              InitAll();
  17   1              Write_Time();
  18   1              MAX = EEPROM_Read(0x00);
  19   1              Delay2ms();
  20   1              MIN = EEPROM_Read(0x01);
  21   1              Delay2ms();
  22   1              while(1)
  23   1              {         
  24   2                      Read_Time();
  25   2                      if(S7 == 1)
  26   2                      {
  27   3                              if(S4 == 0)
  28   3                              {yi = Time[2]/10,er = Time[2]%10,san = 10,si = Time[1]/10,wu = Time[1]%10,liu = 10,qi = Time[0]/10,ba =
             - Time[0]%10;        }
  29   3                              else if(S4 == 1)
  30   3                              {
  31   4                                      if(Time[0]%2 == 1)
  32   4                                      {yi = Time[2]/10,er = Time[2]%10,san = 10,si = Time[1]/10,wu = Time[1]%10,liu = 10,qi = Time[0]/10,ba 
             -= Time[0]%10;}
  33   4                                      else if(Time[0]%2 == 0)
  34   4                                      {yi = 11,er = 11,san = 10,si = Time[1]/10,wu = Time[1]%10,liu = 10,qi = Time[0]/10,ba = Time[0]%10;}            
  35   4                              }
  36   3                              else if(S4 == 2)
  37   3                              {
  38   4                                      if(Time[0]%2 == 1)
  39   4                                      {yi = Time[2]/10,er = Time[2]%10,san = 10,si = Time[1]/10,wu = Time[1]%10,liu = 10,qi = Time[0]/10,ba 
             -= Time[0]%10;}
  40   4                                      else if(Time[0]%2 == 0)
  41   4                                      {yi = Time[2]/10,er = Time[2]%10,san = 10,si = 11,wu = 11,liu = 10,qi = Time[0]/10,ba = Time[0]%10;}            
  42   4                              }
  43   3                              else if(S4 == 3)
  44   3                              {
  45   4                                      if(Time[0]%2 == 1)
  46   4                                      {yi = Time[2]/10,er = Time[2]%10,san = 10,si = Time[1]/10,wu = Time[1]%10,liu = 10,qi = Time[0]/10,ba 
             -= Time[0]%10;}
  47   4                                      else if(Time[0]%2 == 0)
  48   4                                      {yi = Time[2]/10,er = Time[2]%10,san = 10,si = Time[1]/10,wu = Time[1]%10,liu = 10,qi = 11,ba = 11;}            
  49   4                              }
  50   3                      }
  51   2                      if(S6 == 1)
C51 COMPILER V9.00   MAIN                                                                  03/21/2019 19:48:26 PAGE 2   

  52   2                      {
  53   3                              if(S4 == 0)
  54   3                              {
  55   4                              AD = Read_AD(0x03)*10;
  56   4                              yi = 10,er = 1,san = 10,si = 11,wu = (int)AD/10,liu = (int)AD%10,qi = 0,ba = 0;
  57   4                              }
  58   3                              else if(S4 == 1)
  59   3                              {
  60   4                                      if(Time[0]%2 == 1)
  61   4                                      {yi = MAX/10%10,er = MAX%10,san = 0,si = 0,wu = MIN/10%10,liu = MIN%10,qi = 0,ba = 0; }
  62   4                                      else if(Time[0]%2 == 0)
  63   4                                      {yi = 11,er = 11,san = 11,si = 11,wu = MIN/10%10,liu = MIN%10,qi = 0,ba = 0;}
  64   4                              }
  65   3                              else if(S4 == 2)
  66   3                              {
  67   4                                      if(Time[0]%2 == 1)
  68   4                                      {yi = MAX/10%10,er = MAX%10,san = 0,si = 0,wu = MIN/10%10,liu = MIN%10,qi = 0,ba = 0; }
  69   4                                      else if(Time[0]%2 == 0)
  70   4                                      {yi = MAX/10%10,er = MAX%10,san = 0,si = 0,wu = 11,liu = 11,qi = 11,ba = 11;}
  71   4                              }
  72   3                      }
  73   2                      if(S5 == 1)
  74   2                      {
  75   3                              if(S4 == 0)//khz display
  76   3                              {       yi = 10,er = 2,san = 10,si = 0,wu = Khz/10%10,liu = Khz%10,qi = 0,ba = 0;  }
  77   3                              else if(S4 == 1) //us display 
  78   3                              {       yi = 10,er = 2,san = 10,si = 0,wu = 0,liu = 0,qi = 0,ba = 1;}
  79   3                      }
  80   2                      if(S9 == 1)
  81   2                      {
  82   3                              if(S4 == 0)
  83   3                              {
  84   4                                      yi = 11,er = 11,san = 11,si = 11,wu = 11,liu = 11,qi = matter/10%10,ba = matter%10;
  85   4                              }
  86   3                              else if(S4 == 1)
  87   3                              {
  88   4                                       yi = 0,er = 0,san = 10,si = 0,wu = 0,liu = 10,qi = 0,ba = 0;
  89   4                              }
  90   3                      }
  91   2      
  92   2                      Key16();
  93   2                      Display1(yi,er);
  94   2                      Display2(san,si);
  95   2                      Display3(wu,liu);
  96   2                      Display4(qi,ba);
  97   2              }
  98   1      
  99   1      }
 100          void InitAll()
 101          {
 102   1              P2 = 0xa0; P0 = 0x00;
 103   1              P2 = 0x80; P0 = 0xff;
 104   1              P2 = 0xc0; P0 = 0xff;
 105   1              P2 = 0xff; P0 = 0xff;
 106   1                                              
 107   1      }


MODULE INFORMATION:   STATIC OVERLAYABLE
   CODE SIZE        =    880    ----
   CONSTANT SIZE    =   ----    ----
   XDATA SIZE       =   ----    ----
C51 COMPILER V9.00   MAIN                                                                  03/21/2019 19:48:26 PAGE 3   

   PDATA SIZE       =   ----    ----
   DATA SIZE        =      8    ----
   IDATA SIZE       =   ----    ----
   BIT SIZE         =   ----    ----
END OF MODULE INFORMATION.


C51 COMPILATION COMPLETE.  0 WARNING(S),  0 ERROR(S)
