C51 COMPILER V9.00   KEY                                                                   03/15/2019 21:14:37 PAGE 1   


C51 COMPILER V9.00, COMPILATION OF MODULE KEY
OBJECT MODULE PLACED IN .\Key.obj
COMPILER INVOKED BY: C:\Keil_v4\C51\BIN\C51.EXE ..\第九届多功能测量仪EEPROMADNE555DS18B20\Key.c BROWSE DEBUG OBJECTEXTEN
                    -D PRINT(.\Key.lst) OBJECT(.\Key.obj)

line level    source

   1          #include "Key.h"
   2          #include "Display.h" 
   3          #include "iic.h"
   4          
   5          uchar S7 = 0,S6 = 0,S5 = 0,S4 = 0;
   6           
   7          void key()
   8          {
   9   1              if(P30 == 0)
  10   1              {
  11   2                      Delay2ms();
  12   2                      if(P30 == 0)
  13   2                      {
  14   3                       
  15   3                      }
  16   2                      while(!P30);
  17   2              }
  18   1              else if(P31 == 0)
  19   1              {
  20   2                      Delay2ms();
  21   2                      if(P31 == 0)
  22   2                      {
  23   3                               if(S6 == 0)
  24   3                              {S6 = 1;}
  25   3                              else if(S6 == 1)
  26   3                              {S6 = 2;}
  27   3                              else if(S6 == 2)
  28   3                              {S6 = 3;}
  29   3                              else if(S6 == 3)
  30   3                              {S6 = 0;}
  31   3                      }
  32   2                      while(!P31);
  33   2              }
  34   1              else if(P32 == 0)
  35   1              {
  36   2                      Delay2ms();
  37   2                      if(P32 == 0)
  38   2                      {
  39   3                         Eeprom_Write(0x00,sum1);
  40   3                         Eeprom_Write(0x01,sum2);
  41   3      
  42   3                         Eeprom_Write(0x03,Voltage);
  43   3                         Eeprom_Write(0x04,Khz);
  44   3                      }
  45   2                      while(!P32);
  46   2              }
  47   1              else if(P33 == 0)
  48   1              {
  49   2                      Delay2ms();
  50   2                      if(P33 == 0)
  51   2                      {
  52   3                              if(S4 == 0)
  53   3                              {S4 = 1;}
  54   3                              else if(S4 == 1)
C51 COMPILER V9.00   KEY                                                                   03/15/2019 21:14:37 PAGE 2   

  55   3                              {S4 =2 ;}
  56   3                              else if(S4 == 2)
  57   3                              {S4 = 3;}
  58   3                              else if(S4 == 3)
  59   3                              {S4 = 1;}
  60   3                      }
  61   2                      while(!P33);
  62   2              }
  63   1      }


MODULE INFORMATION:   STATIC OVERLAYABLE
   CODE SIZE        =    176    ----
   CONSTANT SIZE    =   ----    ----
   XDATA SIZE       =   ----    ----
   PDATA SIZE       =   ----    ----
   DATA SIZE        =      4    ----
   IDATA SIZE       =   ----    ----
   BIT SIZE         =   ----    ----
END OF MODULE INFORMATION.


C51 COMPILATION COMPLETE.  0 WARNING(S),  0 ERROR(S)
