C51 COMPILER V9.00   MAIN                                                                  01/23/2018 16:14:51 PAGE 1   


C51 COMPILER V9.00, COMPILATION OF MODULE MAIN
OBJECT MODULE PLACED IN .\Objects\main.obj
COMPILER INVOKED BY: C:\Keil_v5\C51\BIN\C51.EXE main.c OPTIMIZE(8,SPEED) BROWSE DEBUG OBJECTEXTEND PRINT(.\Listings\main
                    -.lst) TABS(2) OBJECT(.\Objects\main.obj)

line level    source

   1          #include"STC15F2K60S2.h"
   2          #include"allinit.h"
   3          #include"smg.h"
   4          #include"keypad.h"
   5          
   6          #define uchar unsigned char
   7          #define uint unsigned int
   8          
   9          void main()
  10          {
  11   1        allinit();
  12   1        smg_Timerinit();
  13   1        while(1)
  14   1        {
  15   2          key_down();
  16   2          dspbuff[0]=key_value;
  17   2        }
  18   1      }


MODULE INFORMATION:   STATIC OVERLAYABLE
   CODE SIZE        =    338    ----
   CONSTANT SIZE    =   ----    ----
   XDATA SIZE       =   ----    ----
   PDATA SIZE       =   ----    ----
   DATA SIZE        =     29    ----
   IDATA SIZE       =   ----    ----
   BIT SIZE         =   ----    ----
END OF MODULE INFORMATION.


C51 COMPILATION COMPLETE.  0 WARNING(S),  0 ERROR(S)
