C51 COMPILER V9.56.0.0   DS1302                                                            10/04/2017 16:36:44 PAGE 1   


C51 COMPILER V9.56.0.0, COMPILATION OF MODULE DS1302
OBJECT MODULE PLACED IN .\Objects\ds1302.obj
COMPILER INVOKED BY: C:\Keil_v5\C51\BIN\C51.EXE ds1302.c OPTIMIZE(8,SPEED) BROWSE DEBUG OBJECTEXTEND PRINT(.\Listings\ds
                    -1302.lst) TABS(2) OBJECT(.\Objects\ds1302.obj)

line level    source

   1          #include<STC15F2K60S2.H>
   2          #include <intrins.h>
   3          #include <ds1302.h>
   4          
   5          sbit SCK=P1^7;    
   6          sbit SDA=P2^3;    
   7          sbit RST = P1^3;   // DS1302¸´Î»  
   8          
   9          unsigned char shijian[]={0,30,8,0,0,0,0};
  10          
  11          void Write_Ds1302_Byte(unsigned  char temp) 
  12          {
  13   1        unsigned char i;
  14   1        for (i=0;i<8;i++)       
  15   1        { 
  16   2          SCK=0;
  17   2          SDA=temp&0x01;
  18   2          temp>>=1; 
  19   2          SCK=1;
  20   2        }
  21   1      }   
  22          
  23          void Write_Ds1302( unsigned char address,unsigned char dat )     
  24          {
  25   1        RST=0;
  26   1        _nop_();_nop_();_nop_();_nop_();_nop_();_nop_();_nop_();_nop_();
  27   1        SCK=0;
  28   1        _nop_();_nop_();_nop_();_nop_();_nop_();_nop_();_nop_();_nop_();
  29   1        RST=1;  
  30   1          _nop_(); _nop_();_nop_();_nop_();_nop_();_nop_();_nop_();_nop_(); 
  31   1        Write_Ds1302_Byte(address); 
  32   1        Write_Ds1302_Byte((dat/10<<4)|(dat%10));  ///////////////////////////////////////////////// 
  33   1        RST=0; 
  34   1      }
  35          
  36          unsigned char Read_Ds1302 ( unsigned char address )
  37          {
  38   1        unsigned char i,temp=0x00,dat1,dat2;/////////////////////////////////////
  39   1        RST=0;
  40   1        _nop_();_nop_();_nop_();_nop_();_nop_();_nop_();_nop_();_nop_();
  41   1        SCK=0;
  42   1        _nop_();_nop_();_nop_();_nop_();_nop_();_nop_();_nop_();_nop_();
  43   1        RST=1;
  44   1        _nop_();_nop_();_nop_();_nop_();_nop_();_nop_();_nop_();_nop_();
  45   1        Write_Ds1302_Byte(address);
  46   1        for (i=0;i<8;i++)   
  47   1        {   
  48   2          SCK=0;
  49   2          temp>>=1; 
  50   2          if(SDA)
  51   2          temp|=0x80; 
  52   2          SCK=1;
  53   2        } 
  54   1        RST=0;
C51 COMPILER V9.56.0.0   DS1302                                                            10/04/2017 16:36:44 PAGE 2   

  55   1        _nop_();_nop_();_nop_();_nop_();_nop_();_nop_();_nop_();_nop_();
  56   1        RST=0;
  57   1        SCK=0;
  58   1        _nop_();_nop_();_nop_();_nop_();_nop_();_nop_();_nop_();_nop_();
  59   1        SCK=1;
  60   1        _nop_();_nop_();_nop_();_nop_();_nop_();_nop_();_nop_();_nop_();
  61   1        SDA=0;
  62   1        _nop_();_nop_();_nop_();_nop_();_nop_();_nop_();_nop_();_nop_();
  63   1        SDA=1;
  64   1        _nop_();_nop_();_nop_();_nop_();_nop_();_nop_();_nop_();_nop_();
  65   1        
  66   1        dat1=temp/16;
  67   1        dat2=temp%16;
  68   1        temp=dat1*10+dat2;/////////////////////////////////////////////////////////////////
  69   1        
  70   1        return (temp);      
  71   1      }
  72          
  73          void DS_init(void)
  74          {
  75   1        unsigned char i,add;
  76   1        add=0x80;
  77   1        Write_Ds1302(0x8e,0x00);
  78   1        for(i=0;i<7;i++)
  79   1        {
  80   2          Write_Ds1302(add,shijian[i]);
  81   2          add=add+2;
  82   2        }
  83   1        Write_Ds1302(0x8e,0x80);
  84   1      }
  85          
  86          
  87          void DS_get(void)
  88          {
  89   1        unsigned char i,add;
  90   1        add=0x81;
  91   1        Write_Ds1302(0x8e,0x00);
  92   1        for(i=0;i<7;i++)
  93   1        {
  94   2          shijian[i]=Read_Ds1302(add);
  95   2          add=add+2;
  96   2        }
  97   1        Write_Ds1302(0x8e,0x80);
  98   1      }
  99          
 100          
 101          
 102          


MODULE INFORMATION:   STATIC OVERLAYABLE
   CODE SIZE        =    270    ----
   CONSTANT SIZE    =   ----    ----
   XDATA SIZE       =   ----    ----
   PDATA SIZE       =   ----    ----
   DATA SIZE        =      7    ----
   IDATA SIZE       =   ----    ----
   BIT SIZE         =   ----    ----
END OF MODULE INFORMATION.


C51 COMPILATION COMPLETE.  0 WARNING(S),  0 ERROR(S)
