C51 COMPILER V9.00   MAIN                                                                  01/31/2018 19:56:25 PAGE 1   


C51 COMPILER V9.00, COMPILATION OF MODULE MAIN
OBJECT MODULE PLACED IN .\Objects\main.obj
COMPILER INVOKED BY: C:\Keil_v5\C51\BIN\C51.EXE main.c OPTIMIZE(8,SPEED) BROWSE DEBUG OBJECTEXTEND PRINT(.\Listings\main
                    -.lst) TABS(2) OBJECT(.\Objects\main.obj)

line level    source

   1          #include"STC15F2K60S2.h"
   2          #include"allinit.h"
   3          #include"smg.h"
   4          #define uchar unsigned char
   5          #define uint unsigned int
   6          
   7          uint sec=23,min=59,hour=1; //这里的cnt的范围需要是0~500，所以不能是uchar；
   8          
   9          void main()
  10          {
  11   1        allinit();      
  12   1        smg_Timerinit(); //调用数码管显示驱动 smg.h ，记得在主函数中加这个定时器T0初始化
  13   1        //开机显示 00-00-00
  14   1        dspbuff[7]=sec%10;
  15   1        dspbuff[6]=sec/10;
  16   1        dspbuff[5]=11;
  17   1        dspbuff[4]=min%10;
  18   1        dspbuff[3]=min/10;
  19   1        dspbuff[2]=11;
  20   1        dspbuff[1]=hour%10;
  21   1        dspbuff[0]=hour/10;
  22   1        while(1)
  23   1        {
  24   2          if(cnt==500) //500*2ms=1 s
  25   2          {
  26   3            cnt=0; 
  27   3            sec++;
  28   3            if(sec<60)   //计时1分钟
  29   3            {
  30   4              dspbuff[6]=sec/10;
  31   4              dspbuff[7]=sec%10;
  32   4            }
  33   3            
  34   3            if(sec==60)  //1分钟满
  35   3            {
  36   4              // 秒数归零
  37   4              sec=0;
  38   4              // 满一分钟显示 00-01-00
  39   4              dspbuff[6]=sec/10;
  40   4              dspbuff[7]=sec%10;
  41   4              min++;
  42   4              dspbuff[3]=min/10;
  43   4              dspbuff[4]=min%10;
  44   4              if(min==60)
  45   4              {
  46   5                dspbuff[3]=0;
  47   5                dspbuff[4]=0;
  48   5                hour++;
  49   5                dspbuff[0]=hour/10;
  50   5                dspbuff[1]=hour%10;
  51   5                // 分钟数归零
  52   5                min=0;
  53   5              }
  54   4            }
C51 COMPILER V9.00   MAIN                                                                  01/31/2018 19:56:25 PAGE 2   

  55   3          } 
  56   2        }   
  57   1      }


MODULE INFORMATION:   STATIC OVERLAYABLE
   CODE SIZE        =    467    ----
   CONSTANT SIZE    =     12    ----
   XDATA SIZE       =   ----    ----
   PDATA SIZE       =   ----    ----
   DATA SIZE        =     17    ----
   IDATA SIZE       =   ----    ----
   BIT SIZE         =   ----    ----
END OF MODULE INFORMATION.


C51 COMPILATION COMPLETE.  0 WARNING(S),  0 ERROR(S)
