C51 COMPILER V9.00   DS1302                                                                03/19/2019 13:30:49 PAGE 1   


C51 COMPILER V9.00, COMPILATION OF MODULE DS1302
OBJECT MODULE PLACED IN ds1302.obj
COMPILER INVOKED BY: C:\Keil_v4\C51\BIN\C51.EXE Use\ds1302.c BROWSE DEBUG OBJECTEXTEND PRINT(.\ds1302.lst) OBJECT(ds1302
                    -.obj)

line level    source

   1          /*
   2            程序说明: DS1302驱动程序
   3            软件环境: Keil uVision 4.10 
   4            硬件环境: CT107单片机综合实训平台 8051，12MHz
   5            日    期: 2011-8-9
   6          */
   7          
   8          #include "ds1302.h"
   9          
  10          sbit SCK=P1^7;          
  11          sbit SDA=P2^3;          
  12          sbit RST = P1^3;   // DS1302复位                                                                                                
  13          
  14          char Time[]={50,59,23,0,0,0,0};
  15          void Write_Ds1302_Byte(unsigned  char temp) 
  16          {
  17   1              unsigned char i;
  18   1              for (i=0;i<8;i++)       
  19   1              { 
  20   2                      SCK=0;
  21   2                      SDA=temp&0x01;
  22   2                      temp>>=1; 
  23   2                      SCK=1;
  24   2              }
  25   1      }   
  26          
  27          void Write_Ds1302( unsigned char address,unsigned char dat )     
  28          {
  29   1              RST=0;
  30   1              _nop_();
  31   1              SCK=0;
  32   1              _nop_();
  33   1              RST=1;  
  34   1              _nop_();  
  35   1              Write_Ds1302_Byte(address);     
  36   1              Write_Ds1302_Byte((dat/10<<4)|(dat%10));                
  37   1              RST=0; 
  38   1      }
  39          
  40          unsigned char Read_Ds1302 ( unsigned char address )
  41          {
  42   1              unsigned char i,temp=0x00;
  43   1              uchar dat1,dat2;
  44   1              RST=0;
  45   1              _nop_();
  46   1              SCK=0;
  47   1              _nop_();
  48   1              RST=1;
  49   1              _nop_();
  50   1              Write_Ds1302_Byte(address);
  51   1              for (i=0;i<8;i++)       
  52   1              {               
  53   2                      SCK=0;
  54   2                      temp>>=1;       
C51 COMPILER V9.00   DS1302                                                                03/19/2019 13:30:49 PAGE 2   

  55   2                      if(SDA)
  56   2                      temp|=0x80;     
  57   2                      SCK=1;
  58   2              } 
  59   1              RST=0;
  60   1              _nop_();
  61   1              RST=0;
  62   1              SCK=0;
  63   1              _nop_();
  64   1              SCK=1;
  65   1              _nop_();
  66   1              SDA=0;
  67   1              _nop_();
  68   1              SDA=1;
  69   1              _nop_();
  70   1              dat1 = temp/16;
  71   1              dat2 = temp%16;
  72   1              temp = dat1*10+dat2;
  73   1              return (temp);                  
  74   1      }
  75          
  76          void Write_Time()
  77          {
  78   1              uchar temp = 0x80;
  79   1      
  80   1              uchar i;
  81   1              Write_Ds1302(0x8e,0x00);
  82   1              for(i = 0; i< 7; i++)
  83   1              {
  84   2                      Write_Ds1302(temp,Time[i]);
  85   2                      temp = temp+2;
  86   2              }
  87   1              Write_Ds1302(0x8e,0x80);
  88   1      }
  89          void Read_Time()
  90          {
  91   1              uchar temp = 0x81;
  92   1              uchar i;
  93   1              Write_Ds1302(0x8e,0x00);
  94   1              for(i = 0; i< 7; i++)
  95   1              {
  96   2                      Time[i] = Read_Ds1302(temp);
  97   2                      temp = temp+2;
  98   2              }
  99   1              Write_Ds1302(0x8e,0x80);
 100   1      }


MODULE INFORMATION:   STATIC OVERLAYABLE
   CODE SIZE        =    193    ----
   CONSTANT SIZE    =   ----    ----
   XDATA SIZE       =   ----    ----
   PDATA SIZE       =   ----    ----
   DATA SIZE        =      7    ----
   IDATA SIZE       =   ----    ----
   BIT SIZE         =   ----    ----
END OF MODULE INFORMATION.


C51 COMPILATION COMPLETE.  0 WARNING(S),  0 ERROR(S)
