C51 COMPILER V9.00   KEY                                                                   03/19/2019 13:30:49 PAGE 1   


C51 COMPILER V9.00, COMPILATION OF MODULE KEY
OBJECT MODULE PLACED IN Key.obj
COMPILER INVOKED BY: C:\Keil_v4\C51\BIN\C51.EXE Use\Key.c BROWSE DEBUG OBJECTEXTEND PRINT(.\Key.lst) OBJECT(Key.obj)

line level    source

   1          #include "Key.h"
   2          #include "Display.h"
   3          #include "ds1302.h"
   4          
   5          
   6          uchar S7 = 0,S6 = 0,S5 = 0,S4 = 0;
   7          void Key()
   8          {
   9   1              if(P30 == 0)
  10   1              {
  11   2                      Delay2ms() ;
  12   2                      if(P30 == 0)
  13   2                      {
  14   3                              if(S7 == 0){S7 = 1;}
  15   3                              else if(S7 == 1){S7 = 2;}
  16   3                              else if(S7 == 2){S7 = 3;}
  17   3                              else if(S7 == 3){S7 = 4;}
  18   3                              else if(S7 == 4){S7 = 1;}
  19   3              
  20   3                      }
  21   2                      while(!P30);
  22   2              }
  23   1              else if(P31 == 0)
  24   1              {
  25   2                      Delay2ms();
  26   2                      if(P31 == 0)
  27   2                      {
  28   3                              if(S6 == 0){S6 = 1;}
  29   3                              else if(S6 == 1){S6 = 2;}
  30   3                              else if(S6 == 2){S6 = 3;}
  31   3                              else if(S6 == 3){S6 = 4;}
  32   3                              else if(S6 == 4){S6 = 0;S7 = 1;}
  33   3                      }
  34   2                      while(!P31);
  35   2              }
  36   1              else if(P32 == 0)
  37   1              {
  38   2                      Delay2ms();
  39   2                      if(P32 == 0)
  40   2                      {
  41   3                              if(S7 == 2)
  42   3                              {
  43   4                                      Time[2]++;
  44   4                                      if(Time[2] >= 23)
  45   4                                      Time[2] = 23;
  46   4                                      Write_Time();
  47   4                              }
  48   3                              else if(S7 == 3)
  49   3                              {       
  50   4                                      Time[1]++;
  51   4                                      if(Time[1] >= 60)
  52   4                                      Time[1] = 59;
  53   4                                      Write_Time();
  54   4                              }
  55   3                              else if(S7 == 4)
C51 COMPILER V9.00   KEY                                                                   03/19/2019 13:30:49 PAGE 2   

  56   3                              {
  57   4                                      Time[0]++;
  58   4                                      if(Time[0] >= 60)
  59   4                                      Time[0] = 59;
  60   4                                      Write_Time();
  61   4                              }  
  62   3      
  63   3                              if(S6 == 2)
  64   3                              {Timer[2]++;}
  65   3                              else if(S6 == 3)
  66   3                              {Timer[1]++;}
  67   3                              else if(S6 == 4)
  68   3                              {Timer[0]++;}
  69   3                      }
  70   2                      while(!P32);
  71   2              }
  72   1              else if(P33 == 0)
  73   1              {
  74   2                      Delay2ms();
  75   2                      if(P33 == 0)
  76   2                      {
  77   3                              if(S7 == 2)
  78   3                              {
  79   4                                      Time[2]--;
  80   4                                      if(Time[2]<=0)
  81   4                                      Time[2] = 0;
  82   4                                      Write_Time();
  83   4                              }
  84   3                              else if(S7 == 3)
  85   3                              {
  86   4                              Time[1]--;
  87   4                              if(Time[1]<=0)
  88   4                              Time[1] = 0;
  89   4                              Write_Time();
  90   4                              }
  91   3                              else if(S7 == 4)
  92   3                              {
  93   4                              Time[0]--;
  94   4                              if(Time[0]<=0)
  95   4                              Time[0] = 0;
  96   4                              Write_Time();
  97   4                              }  
  98   3      
  99   3                              if(S6 == 2)
 100   3                              {Timer[2]--;}
 101   3                              else if(S6 == 3)
 102   3                              {Timer[1]--;}
 103   3                              else if(S6 == 4)
 104   3                              {Timer[0]--;}
 105   3                      }
 106   2                      while(!P33);
 107   2              }
 108   1      
 109   1              
 110   1      }


MODULE INFORMATION:   STATIC OVERLAYABLE
   CODE SIZE        =    333    ----
   CONSTANT SIZE    =   ----    ----
   XDATA SIZE       =   ----    ----
   PDATA SIZE       =   ----    ----
C51 COMPILER V9.00   KEY                                                                   03/19/2019 13:30:49 PAGE 3   

   DATA SIZE        =      4    ----
   IDATA SIZE       =   ----    ----
   BIT SIZE         =   ----    ----
END OF MODULE INFORMATION.


C51 COMPILATION COMPLETE.  0 WARNING(S),  0 ERROR(S)
