C51 COMPILER V9.00   MAIN                                                                  03/19/2019 13:30:49 PAGE 1   


C51 COMPILER V9.00, COMPILATION OF MODULE MAIN
OBJECT MODULE PLACED IN Main.obj
COMPILER INVOKED BY: C:\Keil_v4\C51\BIN\C51.EXE Use\Main.c BROWSE DEBUG OBJECTEXTEND PRINT(.\Main.lst) OBJECT(Main.obj)

line level    source

   1          #include "Head.h"
   2          #include "Display.h"
   3          #include "Key.h"
   4          #include "ds1302.h"
   5          #include "onewire.h"
   6          
   7          
   8          void InitAll();
   9          
  10          uchar temp;
  11          
  12          char Timer[]={0,0,0,0};
  13          void main()
  14          {
  15   1              InitAll();
  16   1              Write_Time();
  17   1              while(1)
  18   1              {  
  19   2                      Read_Time();
  20   2      
  21   2                              // clock interface
  22   2                      
  23   2                       if(S7 == 1)
  24   2                      {
  25   3                         yi = Time[2]/10,er = Time[2]%10,san = 10,si = Time[1]/10,wu = Time[1]%10,liu = 10,qi = Time[0]/10,ba 
             -= Time[0]%10;
  26   3                      }
  27   2                      else if(S7 == 2)
  28   2                      {
  29   3                              if(Time[0]% 2 == 1)
  30   3                              {yi = Time[2]/10,er = Time[2]%10,san = 10,si = Time[1]/10,wu = Time[1]%10,liu = 10,qi = Time[0]/10,ba =
             - Time[0]%10;}
  31   3                              else if(Time[0]% 2 == 0)
  32   3                              {yi = 11,er = 11,san = 10,si = Time[1]/10,wu = Time[1]%10,liu = 10,qi = Time[0]/10,ba = Time[0]%10;}
  33   3                      }
  34   2                      else if(S7 == 3)
  35   2                      {
  36   3                              if(Time[0]%2 == 1)
  37   3                              {yi = Time[2]/10,er = Time[2]%10,san = 10,si = Time[1]/10,wu = Time[1]%10,liu = 10,qi = Time[0]/10,ba =
             - Time[0]%10;}
  38   3                              else if(Time[0]%2 == 0)
  39   3                              {yi = Time[2]/10,er = Time[2]%10,san = 10,si = 11,wu = 11,liu = 10,qi = Time[0]/10,ba = Time[0]%10;}
  40   3                      }
  41   2                      else if(S7 == 4)
  42   2                      {
  43   3                               if(Time[0]%2 == 1)
  44   3                              {yi = Time[2]/10,er = Time[2]%10,san = 10,si = Time[1]/10,wu = Time[1]%10,liu = 10,qi = Time[0]/10,ba =
             - Time[0]%10;}
  45   3                              else if(Time[0]%2 == 0)
  46   3                              {yi = Time[2]/10,er = Time[2]%10,san = 10,si = Time[1]/10,wu = Time[1]%10,liu = 10,qi = 11,ba = 11;}                    
  47   3      
  48   3                      }
  49   2      
  50   2      
  51   2                        if(S6 == 1)
C51 COMPILER V9.00   MAIN                                                                  03/19/2019 13:30:49 PAGE 2   

  52   2                      {
  53   3                              yi = Timer[2]/10,er = Timer[2]%10,san = 10,si = Timer[1]/10,wu = Timer[1]%10,liu = 10,qi = Timer[0]/10,
             -ba = Timer[0]%10;
  54   3                      }
  55   2                      else if(S6 == 2)
  56   2                      {
  57   3                              if(Time[0]% 2 == 1)
  58   3                              {yi = Timer[2]/10,er = Timer[2]%10,san = 10,si = Timer[1]/10,wu = Timer[1]%10,liu = 10,qi = Timer[0]/10
             -,ba = Timer[0]%10;}
  59   3                              else if(Time[0]% 2 == 0)
  60   3                              {yi = 11,er = 11,san = 10,si = Timer[1]/10,wu = Timer[1]%10,liu = 10,qi = Timer[0]/10,ba = Timer[0]%10;
             -}
  61   3                      }
  62   2                      else if(S6 == 3)
  63   2                      {
  64   3                              if(Time[0]%2 == 1)
  65   3                              {yi = Timer[2]/10,er = Timer[2]%10,san = 10,si = Timer[1]/10,wu = Timer[1]%10,liu = 10,qi = Timer[0]/10
             -,ba = Timer[0]%10;}
  66   3                              else if(Time[0]%2 == 0)
  67   3                              {yi = Timer[2]/10,er = Timer[2]%10,san = 10,si = 11,wu = 11,liu = 10,qi = Timer[0]/10,ba = Timer[0]%10;
             -}
  68   3                      }
  69   2                      else if(S6 == 4)
  70   2                      {
  71   3                               if(Time[0]%2 == 1)
  72   3                              {yi = Timer[2]/10,er = Timer[2]%10,san = 10,si = Timer[1]/10,wu = Timer[1]%10,liu = 10,qi = Timer[0]/10
             -,ba = Timer[0]%10;}
  73   3                              else if(Time[0]%2 == 0)
  74   3                              {yi = Timer[2]/10,er = Timer[2]%10,san = 10,si = Timer[1]/10,wu = Timer[1]%10,liu = 10,qi = 11,ba = 11;
             -}                        
  75   3      
  76   3                      }
  77   2                      if(Timer[2] > 23)
  78   2                      {Timer[2] = 23;}
  79   2                      else if(Timer[2] <= 0)
  80   2                      {Timer[2] = 0;}
  81   2      
  82   2                      else if(Timer[1] > 60)
  83   2                      {Timer[1] = 59;}
  84   2                      else if(Timer[1] <= 0)
  85   2                      {Timer[1] = 0;}
  86   2      
  87   2                      if(Timer[0] >= 60)
  88   2                      {Timer[0] = 59;}
  89   2                      else if(Timer[0] <= 0)
  90   2                      {Timer[0] = 0;}
  91   2      
  92   2      //              if(Time[2] >= 23)
  93   2      //              {Time[2] = 23;}
  94   2      //              else if(Time[2] <= 0)
  95   2      //              {Time[2] = 0;}
  96   2      //              else if(Time[1] >= 60)
  97   2      //              {Time[1] = 60;}
  98   2      //              else if(Time[1] <= 0)
  99   2      //              {Time[1] = 0;}
 100   2      //              else if(Time[0] >= 60)
 101   2      //              {Time[0] = 60;}
 102   2      //              else if(Time[0] <= 0)
 103   2      //              {Time[0] = 0;}
 104   2      
 105   2                      Key();
 106   2                 Display1(yi,er);
C51 COMPILER V9.00   MAIN                                                                  03/19/2019 13:30:49 PAGE 3   

 107   2                 Display2(san,si);
 108   2                 Display3(wu,liu);
 109   2                 Display4(qi,ba);
 110   2              }
 111   1              
 112   1      }
 113          
 114          
 115          void InitAll()
 116          {
 117   1              P2 = 0xa0; P0 = 0x00;
 118   1              P2 = 0x80; P0 = 0xff;
 119   1              P2 = 0xc0; P0 = 0xff;
 120   1              P2 = 0xff; P0 = 0xff;
 121   1                                              
 122   1      }


MODULE INFORMATION:   STATIC OVERLAYABLE
   CODE SIZE        =    708    ----
   CONSTANT SIZE    =   ----    ----
   XDATA SIZE       =   ----    ----
   PDATA SIZE       =   ----    ----
   DATA SIZE        =      5    ----
   IDATA SIZE       =   ----    ----
   BIT SIZE         =   ----    ----
END OF MODULE INFORMATION.


C51 COMPILATION COMPLETE.  0 WARNING(S),  0 ERROR(S)
