C51 COMPILER V9.00   DS1302                                                                03/22/2019 13:32:46 PAGE 1   


C51 COMPILER V9.00, COMPILATION OF MODULE DS1302
OBJECT MODULE PLACED IN ds1302.obj
COMPILER INVOKED BY: C:\Keil_v4\C51\BIN\C51.EXE Use\ds1302.c BROWSE DEBUG OBJECTEXTEND PRINT(.\ds1302.lst) OBJECT(ds1302
                    -.obj)

line level    source

   1          /*
   2            程序说明: DS1302驱动程序
   3            软件环境: Keil uVision 4.10 
   4            硬件环境: CT107单片机综合实训平台 8051，12MHz
   5            日    期: 2011-8-9
   6          */
   7          
   8          #include "ds1302.h"
   9          
  10          sbit SCK=P1^7;          
  11          sbit SDA=P2^3;          
  12          sbit RST = P1^3;   // DS1302复位                                                                                                
  13          
  14          uchar Time[]={11,11,11,0,0,0,0};
  15          
  16          
  17          void Write_Ds1302(unsigned  char temp) 
  18          {
  19   1              unsigned char i;
  20   1              for (i=0;i<8;i++)       
  21   1              { 
  22   2                      SCK=0;
  23   2                      SDA=temp&0x01;
  24   2                      temp>>=1; 
  25   2                      SCK=1;
  26   2              }
  27   1      }   
  28          
  29          void Write_Ds1302_Byte( unsigned char address,unsigned char dat )     
  30          {
  31   1              RST=0;  _nop_();
  32   1              SCK=0;  _nop_();
  33   1              RST=1;  _nop_();  
  34   1              Write_Ds1302(address);  
  35   1              Write_Ds1302((dat/10<<4)|(dat%10));             
  36   1              RST=0; 
  37   1      }
  38          
  39          unsigned char Read_Ds1302_Byte ( unsigned char address )
  40          {
  41   1              unsigned char i,temp=0x00;
  42   1              uchar dat1,dat2;
  43   1              RST=0;  _nop_();
  44   1              SCK=0;  _nop_();
  45   1              RST=1;  _nop_();
  46   1              Write_Ds1302(address);
  47   1              for (i=0;i<8;i++)       
  48   1              {               
  49   2                      SCK=0;
  50   2                      temp>>=1;       
  51   2                      if(SDA)
  52   2                      temp|=0x80;     
  53   2                      SCK=1;
  54   2              } 
C51 COMPILER V9.00   DS1302                                                                03/22/2019 13:32:46 PAGE 2   

  55   1              RST=0;  _nop_();
  56   1              SCK=0;  _nop_();
  57   1              SCK=1;  _nop_();
  58   1              SDA=0;  _nop_();
  59   1              SDA=1;  _nop_();
  60   1              dat1 = temp/16;
  61   1              dat2 = temp%16;
  62   1              temp = dat1*10+dat2;
  63   1              return (temp);                  
  64   1      }
  65          
  66          void Write_Time()
  67          {
  68   1              uchar temp = 0x80;
  69   1              uchar i;
  70   1              Write_Ds1302_Byte(0x8e,0x00);
  71   1              for(i = 0; i< 7; i++)
  72   1              {
  73   2                        Write_Ds1302_Byte(temp,Time[i]);
  74   2                        temp = temp+2;
  75   2              }
  76   1              Write_Ds1302_Byte(0x8e,0x80);
  77   1              
  78   1      }
  79          void Read_Time()
  80          {
  81   1              uchar temp = 0x81;
  82   1              uchar i;
  83   1              Write_Ds1302_Byte(0x8e,0x00);
  84   1              for(i = 0; i < 7; i++)
  85   1              {
  86   2                       Time[i] = Read_Ds1302_Byte(temp);
  87   2                        temp = temp+2;
  88   2              }
  89   1              Write_Ds1302_Byte(0x8e,0x80);
  90   1              
  91   1      }
  92          
  93          
  94          
  95          
  96          
  97          
  98          
  99          
 100          
 101          
 102          
 103          
 104          
 105          
 106          
 107          
 108          


MODULE INFORMATION:   STATIC OVERLAYABLE
   CODE SIZE        =    191    ----
   CONSTANT SIZE    =   ----    ----
   XDATA SIZE       =   ----    ----
   PDATA SIZE       =   ----    ----
   DATA SIZE        =      7    ----
C51 COMPILER V9.00   DS1302                                                                03/22/2019 13:32:46 PAGE 3   

   IDATA SIZE       =   ----    ----
   BIT SIZE         =   ----    ----
END OF MODULE INFORMATION.


C51 COMPILATION COMPLETE.  0 WARNING(S),  0 ERROR(S)
