C51 COMPILER V9.00   KEY                                                                   03/22/2019 13:32:46 PAGE 1   


C51 COMPILER V9.00, COMPILATION OF MODULE KEY
OBJECT MODULE PLACED IN Key.obj
COMPILER INVOKED BY: C:\Keil_v4\C51\BIN\C51.EXE Use\Key.c BROWSE DEBUG OBJECTEXTEND PRINT(.\Key.lst) OBJECT(Key.obj)

line level    source

   1          #include "Key.h"
   2          #include "Display.h"
   3          uchar value = 0;
   4          
   5          void Key16()
   6          {
   7   1              P42 = 0; P44 = 0; P3 = 0x0f;
   8   1      
   9   1              if(P3 != 0x0f)
  10   1              {
  11   2                       Delay2ms();
  12   2                       if(P3 != 0x0f)
  13   2                       {
  14   3                              
  15   3      
  16   3                              switch(P3)      //1111 0000
  17   3                              {
  18   4                                      case 0x0e:value = 1;break;
  19   4                                      case 0x0d:value = 5;break;
  20   4                                      case 0x0b:value = 9;break;
  21   4                                      case 0x07:value = 13;break;
  22   4                              }
  23   3      
  24   3                                      P42 = 1; P44 = 1; P3 = 0xf0;
  25   3      
  26   3                                      if(P44 == 0)value +=0;while(P44 == 0);
  27   3                                      if(P42 == 0)value +=1;while(P42 == 0);
  28   3                                      if(P3 == 0xd0)value +=2;while(P3 == 0xd0);
  29   3                                      if(P3 == 0xe0)value +=3;while(P3 == 0xe0);
  30   3      
  31   3                                switch(value) //1111 0000
  32   3                              {
  33   4                                      case 1:yi = 1;break;
  34   4                                      case 2:yi = 2;break;
  35   4                                      case 3:yi = 3;break;
  36   4                                      case 4:yi = 4;break;
  37   4                                      case 5:yi = 5;break;
  38   4                                      case 6:yi = 6;break;
  39   4                                      case 7:yi = 7;break;
  40   4                                      case 8:yi = 8;break;
  41   4                              }
  42   3                       }
  43   2              }
  44   1      }


MODULE INFORMATION:   STATIC OVERLAYABLE
   CODE SIZE        =    192    ----
   CONSTANT SIZE    =   ----    ----
   XDATA SIZE       =   ----    ----
   PDATA SIZE       =   ----    ----
   DATA SIZE        =      1    ----
   IDATA SIZE       =   ----    ----
   BIT SIZE         =   ----    ----
END OF MODULE INFORMATION.

C51 COMPILER V9.00   KEY                                                                   03/22/2019 13:32:46 PAGE 2   


C51 COMPILATION COMPLETE.  0 WARNING(S),  0 ERROR(S)
