C51 COMPILER V9.00   KEYPAD                                                                04/02/2018 21:34:59 PAGE 1   


C51 COMPILER V9.00, COMPILATION OF MODULE KEYPAD
OBJECT MODULE PLACED IN .\Objects\keypad.obj
COMPILER INVOKED BY: C:\Keil_v5\C51\BIN\C51.EXE sour\keypad.c OPTIMIZE(8,SPEED) BROWSE DEBUG OBJECTEXTEND PRINT(.\Listin
                    -gs\keypad.lst) TABS(2) OBJECT(.\Objects\keypad.obj)

line level    source

   1          #include"includes.h"
   2          
   3          uchar key_value=16; //键值变量定义，不显示,矩阵键盘与独立按键
   4          void Delay10ms()    //@11.0592MHz
   5          {
   6   1        uchar i, j;
   7   1      
   8   1        i = 108;
   9   1        j = 145;
  10   1        do
  11   1        {
  12   2          while (--j);
  13   2        } while (--i);
  14   1      }
  15          
  16          //void key_down()
  17          //{
  18          //  //按键按下举证 1111 0000
  19          //  P44=0;P42=0;
  20          //  gpio_key=0x0f;
  21          //  if(gpio_key!=0x0f)
  22          //  {
  23          //    Delay10ms();//10ms 消抖
  24          //    if(gpio_key!=0x0f)
  25          //    {
  26          //      //列反转扫描初始化 1111 0000
  27          //      P42=1;P44=1;
  28          //      gpio_key=0x30;
  29          //      //列扫描判断
  30          //      if((gpio_key==0x30)&&(P44==0)&&(P42==1))
  31          //        key_value=0;
  32          //      if((gpio_key==0x30)&&(P44==1)&&(P42==0))
  33          //        key_value=1;
  34          //      if((gpio_key==0x10)&&(P44==1)&&(P42==1))
  35          //        key_value=2;
  36          //      if((gpio_key==0x20)&&(P44==1)&&(P42==1))
  37          //        key_value=3;
  38          //      //行反转扫描初始化 0000 1111
  39          //      P42=0;P44=0;
  40          //      gpio_key=0x0f;
  41          //      switch(gpio_key)
  42          //      {
  43          //        case(0x0e) : key_value +=0;break; //0000 1110
  44          //        case(0x0d) : key_value +=4;break; //0000 1101
  45          //        case(0x0b) : key_value +=8;break; //0000 1011
  46          //        case(0x07) : key_value +=12;break; //0000 0111
  47          //      }
  48          //      /*松手检测*/
  49          //      while(gpio_key!=0x0f);
  50          //    }     // 注意松手检测的位置
  51          //  }
  52          //}
  53          
  54          
C51 COMPILER V9.00   KEYPAD                                                                04/02/2018 21:34:59 PAGE 2   

  55          void key_down()
  56          {
  57   1        if(!S7)
  58   1        {
  59   2          Delay10ms();
  60   2          if(!S7)
  61   2          {
  62   3            key_value = 7;
  63   3          }
  64   2          while(!S7);
  65   2        }
  66   1        if(!S6)
  67   1        {
  68   2          Delay10ms();
  69   2          if(!S6)
  70   2          {
  71   3            key_value = 6;
  72   3          }
  73   2          while(!S6);
  74   2        }
  75   1        if(!S5)
  76   1        {
  77   2          Delay10ms();
  78   2          while(!S5);
  79   2          if(S5)
  80   2          LED7(1);
  81   2        }
  82   1        if(!S4)
  83   1        {
  84   2          Delay10ms();
  85   2          while(!S4);
  86   2          if(S4)
  87   2          LED8(1);
  88   2        }
  89   1      }


MODULE INFORMATION:   STATIC OVERLAYABLE
   CODE SIZE        =     74    ----
   CONSTANT SIZE    =   ----    ----
   XDATA SIZE       =   ----    ----
   PDATA SIZE       =   ----    ----
   DATA SIZE        =      1    ----
   IDATA SIZE       =   ----    ----
   BIT SIZE         =   ----    ----
END OF MODULE INFORMATION.


C51 COMPILATION COMPLETE.  0 WARNING(S),  0 ERROR(S)
