C51 COMPILER V9.00   MAIN                                                                  04/02/2018 21:34:58 PAGE 1   


C51 COMPILER V9.00, COMPILATION OF MODULE MAIN
OBJECT MODULE PLACED IN .\Objects\main.obj
COMPILER INVOKED BY: C:\Keil_v5\C51\BIN\C51.EXE sour\main.c OPTIMIZE(8,SPEED) BROWSE DEBUG OBJECTEXTEND PRINT(.\Listings
                    -\main.lst) TABS(2) OBJECT(.\Objects\main.obj)

line level    source

   1          #include"includes.h"
   2          
   3          extern char dspbuff[8],ch,RxdByte;
   4          extern bit flag1s;
   5          extern bit  Send_Flag,Rec_Flag;
   6          extern uchar num;
   7          //全局变量
   8          uchar sec = 0,min = 0,hour = 0;
   9          uint sec_BCD,min_BCD,hour_BCD;
  10          
  11          void main()
  12          {
  13   1        allinit();
  14   1        smg_Timer0init();
  15   1        UartInit();
  16   1        sys_test();
  17   1        allinit();
  18   1        //开机显示 00-00-00
  19   1        dspbuff[7] = sec % 10;
  20   1        dspbuff[6] = sec / 10;
  21   1        dspbuff[5] = 17;
  22   1        dspbuff[4] = min % 10;
  23   1        dspbuff[3] = min / 10;
  24   1        dspbuff[2] = 17;
  25   1        dspbuff[1] = hour % 10;
  26   1        dspbuff[0] = hour / 10;
  27   1        while(1)
  28   1        {
  29   2          Timer0();
  30   2          key_down();
  31   2      //    if(Send_Flag )     //只有标志位允许单片机才能发送给电脑
  32   2      //    {
  33   2      //      Uart_TX(ch);   //单片机执行发送
  34   2      //    }
  35   2          switch(RxdByte)
  36   2          {
  37   3            case(0xa0) : P2=(P2&0x1f)|0x80;P0=~(0x00);P2&=0x1f;break;
  38   3            case(0xa8) : P2=(P2&0x1f)|0x80;P0=~(0x08);P2&=0x1f;break;
  39   3            case(0xa4) : P2=(P2&0x1f)|0x80;P0=~(0x04);P2&=0x1f;break;
  40   3            case(0xac) : P2=(P2&0x1f)|0x80;P0=~(0x0c);P2&=0x1f;break;
  41   3            case(0xa2) : P2=(P2&0x1f)|0x80;P0=~(0x02);P2&=0x1f;break;
  42   3            case(0xaa) : P2=(P2&0x1f)|0x80;P0=~(0x0a);P2&=0x1f;break;
  43   3            case(0xa6) : P2=(P2&0x1f)|0x80;P0=~(0x06);P2&=0x1f;break;
  44   3            case(0xae) : P2=(P2&0x1f)|0x80;P0=~(0x0e);P2&=0x1f;break;
  45   3            case(0xa1) : P2=(P2&0x1f)|0x80;P0=~(0x01);P2&=0x1f;break;
  46   3            case(0xa9) : P2=(P2&0x1f)|0x80;P0=~(0x09);P2&=0x1f;break;
  47   3            case(0xa5) : P2=(P2&0x1f)|0x80;P0=~(0x05);P2&=0x1f;break;
  48   3            case(0xad) : P2=(P2&0x1f)|0x80;P0=~(0x0d);P2&=0x1f;break;
  49   3            case(0xa3) : P2=(P2&0x1f)|0x80;P0=~(0x03);P2&=0x1f;break;
  50   3            case(0xab) : P2=(P2&0x1f)|0x80;P0=~(0x0b);P2&=0x1f;break;
  51   3            case(0xa7) : P2=(P2&0x1f)|0x80;P0=~(0x07);P2&=0x1f;break;
  52   3            case(0xaf) : P2=(P2&0x1f)|0x80;P0=~(0x0f);P2&=0x1f;break;
  53   3            case(0xb0) : Rec_Flag = 1;break;
  54   3          }
C51 COMPILER V9.00   MAIN                                                                  04/02/2018 21:34:58 PAGE 2   

  55   2          if(Rec_Flag)
  56   2          {
  57   3            ES=0;
  58   3            TI=1;
  59   3            printf("0x%2x,0x%2x,0x%2x\n",hour_BCD,min_BCD,sec_BCD);
  60   3            while(!TI);
  61   3            TI=0;
  62   3            ES=1;   
  63   3            Rec_Flag = 0;
  64   3          }
  65   2        }
  66   1      }
  67          
  68          void sys_test()
  69          {
  70   1        static uchar i;
  71   1        for(i = 0;i < 8;i++)
  72   1        {
  73   2          P2 = (P2&0x1f) | 0x80;
  74   2          P0 = 0xFE<<i;
  75   2          Delay500ms();
  76   2          P2 &= 0x1f; 
  77   2        }
  78   1        for(i = 0;i < 8;i++)
  79   1        {
  80   2          P2 = (P2&0x1f) | 0x80;
  81   2          P0 = ~(0xfe<<i);
  82   2          Delay500ms();
  83   2          P2 &= 0x1f; 
  84   2        }
  85   1        for(i = 0;i < 8;i++)
  86   1        {
  87   2          dspbuff[i] = 26;
  88   2          Delay500ms();
  89   2        }
  90   1        for(i = 0;i < 8;i++)
  91   1        {
  92   2          dspbuff[i] = 16;
  93   2          Delay500ms();
  94   2        }
  95   1      }
  96          
  97          void Delay500ms()   //@11.0592MHz
  98          {
  99   1        unsigned char i, j, k;
 100   1      
 101   1        _nop_();
 102   1        _nop_();
 103   1        i = 22;
 104   1        j = 3;
 105   1        k = 227;
 106   1        do
 107   1        {
 108   2          do
 109   2          {
 110   3            while (--k);
 111   3          } while (--j);
 112   2        } while (--i);
 113   1      }
 114          
 115          void Timer0()
 116          {
C51 COMPILER V9.00   MAIN                                                                  04/02/2018 21:34:58 PAGE 3   

 117   1        if(flag1s == 1)
 118   1        {
 119   2          flag1s = 0;
 120   2          sec++;
 121   2        }
 122   1        if(sec < 60)
 123   1        {
 124   2          dspbuff[6] = sec / 10;
 125   2          dspbuff[7] = sec % 10;
 126   2        }
 127   1        if(sec == 60)
 128   1        {
 129   2          sec = 0;
 130   2          min++;
 131   2          dspbuff[6] = sec / 10;
 132   2          dspbuff[7] = sec % 10;
 133   2          dspbuff[3] = min / 10;
 134   2          dspbuff[4] = min % 10;
 135   2          if(min == 60)
 136   2          {
 137   3            min = 0;
 138   3            hour++;
 139   3            dspbuff[3] = 0;
 140   3            dspbuff[4] = 0;
 141   3            dspbuff[6] = min / 10;
 142   3            dspbuff[7] = min % 10;
 143   3            if(hour == 24)
 144   3              hour = 0;
 145   3          }
 146   2        }
 147   1        sec_BCD = (sec / 10)*16 + sec % 10;
 148   1        min_BCD = (min / 10)*16 + min % 10;
 149   1        hour_BCD = (hour / 10)*16 + hour % 10;  
 150   1      }


MODULE INFORMATION:   STATIC OVERLAYABLE
   CODE SIZE        =    767    ----
   CONSTANT SIZE    =     19    ----
   XDATA SIZE       =   ----    ----
   PDATA SIZE       =   ----    ----
   DATA SIZE        =     10    ----
   IDATA SIZE       =   ----    ----
   BIT SIZE         =   ----    ----
END OF MODULE INFORMATION.


C51 COMPILATION COMPLETE.  0 WARNING(S),  0 ERROR(S)
