C51 COMPILER V9.00   USART                                                                 04/02/2018 21:34:59 PAGE 1   


C51 COMPILER V9.00, COMPILATION OF MODULE USART
OBJECT MODULE PLACED IN .\Objects\usart.obj
COMPILER INVOKED BY: C:\Keil_v5\C51\BIN\C51.EXE sour\usart.c OPTIMIZE(8,SPEED) BROWSE DEBUG OBJECTEXTEND PRINT(.\Listing
                    -s\usart.lst) TABS(2) OBJECT(.\Objects\usart.obj)

line level    source

   1          #include "includes.h"
   2          
   3          bit  Send_Flag,Rec_Flag;
   4          char RxdByte = 0x55,ch;
   5          
   6          void UartInit(void)   //9600bps@11.0592MHz
   7          {
   8   1        SCON = 0x50;    //8位数据,可变波特率
   9   1        AUXR |= 0x40;   //定时器1时钟为Fosc,即1T
  10   1        AUXR &= 0xFE;   //串口1选择定时器1为波特率发生器
  11   1        TMOD &= 0x0F;   //设定定时器1为16位自动重装方式
  12   1        TL1 = 0xE0;   //设定定时初值
  13   1        TH1 = 0xFE;   //设定定时初值
  14   1        ET1 = 0;    //禁止定时器1中断
  15   1        TR1 = 1;    //启动定时器1
  16   1        ES = 1;
  17   1        EA = 1;
  18   1      }
  19          
  20          //void SendData(unsigned char ch)      //发送一个字节 //单片机向电脑发送
  21          //{
  22          //  SBUF = ch;   //将待发送的数据放到发送缓冲器中
  23          //  while(!TI);  //等待发送完毕（未发送完时 TI 为 0，发送完之后 TI 为 1）
  24          //  TI = 0 ;     // 既然硬件置 1 了，那就必须软件清零
  25          //}
  26          //void SendString(unsigned char *s)   //发送一个字符串
  27          //{
  28          //  while(*s)  // 检测是否发送完毕（别忘了隐形的 \0）
  29          //  {
  30          //    SendData(*s++); // 调用函数一个字节一个字节发送
  31          //  }
  32          //}
  33          
  34          ////单片机串口发送
  35          //void Uart_TX(char ch)
  36          //{
  37          //   SBUF = ch; //发送到串口
  38          //   Send_Flag = 0;         //标志清除，暂停发送
  39          //}
  40          
  41          //串口中断服务函数
  42          void Usart_Routnie(void) interrupt 4 
  43          {
  44   1          if (RI)        //如果是接收中断 单片机接收
  45   1          {
  46   2             RI = 0;  //手动清零接收中断标志位
  47   2             RxdByte = SBUF;
  48   2          }
  49   1          else if (TI)  //字节发送完毕
  50   1          {
  51   2            TI = 0;  //手动清零发送中断标志位
  52   2          }
  53   1      }

C51 COMPILER V9.00   USART                                                                 04/02/2018 21:34:59 PAGE 2   


MODULE INFORMATION:   STATIC OVERLAYABLE
   CODE SIZE        =     42    ----
   CONSTANT SIZE    =   ----    ----
   XDATA SIZE       =   ----    ----
   PDATA SIZE       =   ----    ----
   DATA SIZE        =      2    ----
   IDATA SIZE       =   ----    ----
   BIT SIZE         =      2    ----
END OF MODULE INFORMATION.


C51 COMPILATION COMPLETE.  0 WARNING(S),  0 ERROR(S)
