C51 COMPILER V9.00   MAIN                                                                  03/26/2018 20:12:30 PAGE 1   


C51 COMPILER V9.00, COMPILATION OF MODULE MAIN
OBJECT MODULE PLACED IN .\Objects\main.obj
COMPILER INVOKED BY: C:\Keil_v5\C51\BIN\C51.EXE main.c OPTIMIZE(8,SPEED) BROWSE DEBUG OBJECTEXTEND PRINT(.\Listings\main
                    -.lst) TABS(2) OBJECT(.\Objects\main.obj)

line level    source

   1          #include"STC15F2K60S2.h"
   2          #include"allinit.h"
   3          #include"smg.h"
   4          #include"onewire.c"
   5          #include"keypad.h"
   6          #include"PWM.h"
   7          
   8          
   9          #define uchar unsigned char
  10          #define uint unsigned int
  11          
  12          
  13          
  14          void main(void)
  15          {
  16   1        uint temper = 0;//温度
  17   1        allinit();
  18   1        smg_Timer0init();
  19   1        Timer1_Init();
  20   1        while(1)
  21   1        {
  22   2          key_down();
  23   2          temper = Temper_Read();
  24   2          /*-----------------工作方式选择----------------------------*/
  25   2          switch(MODE)
  26   2          {
  27   3            case(1) : PWMConter = 20;LED1(1);break;
  28   3            case(2) : PWMConter = 30;LED2(1);break;
  29   3            case(3) : PWMConter = 70;LED3(1);break;
  30   3          }
  31   2      
  32   2          if(flag1s == 1 && PWMflag)
  33   2          {
  34   3            flag1s = 0;
  35   3            TIME--;
  36   3          }
  37   2          if(TIME == 0)
  38   2            PWMflag = 0;
  39   2          else
  40   2            PWMflag = 1;
  41   2          if(SetFlag7 == 0)
  42   2          {
  43   3            dspbuff[0] = 17;
  44   3            dspbuff[1] = MODE;
  45   3            dspbuff[2] = 17;
  46   3            dspbuff[3] = 16;
  47   3            dspbuff[4] = TIME / 1000;
  48   3            dspbuff[5] = TIME / 100 % 10;
  49   3            dspbuff[6] = TIME / 10 % 10;
  50   3            dspbuff[7] = TIME % 10;
  51   3          }
  52   2          else
  53   2          {
  54   3            dspbuff[0] = 17;
C51 COMPILER V9.00   MAIN                                                                  03/26/2018 20:12:30 PAGE 2   

  55   3            dspbuff[1] = 4;
  56   3            dspbuff[2] = 17;
  57   3            dspbuff[3] = 16;
  58   3            dspbuff[4] = 16;
  59   3            dspbuff[5] = temper / 10;
  60   3            dspbuff[6] = temper % 10;
  61   3            dspbuff[7] = 12;
  62   3          }
  63   2        }
  64   1      }
*** WARNING C290 IN LINE 141 OF MAIN.C: missing return value


MODULE INFORMATION:   STATIC OVERLAYABLE
   CODE SIZE        =    842    ----
   CONSTANT SIZE    =   ----    ----
   XDATA SIZE       =   ----    ----
   PDATA SIZE       =   ----    ----
   DATA SIZE        =     46    ----
   IDATA SIZE       =   ----    ----
   BIT SIZE         =      3       4
END OF MODULE INFORMATION.


C51 COMPILATION COMPLETE.  1 WARNING(S),  0 ERROR(S)
