C51 COMPILER V9.00   DISPLAY                                                               03/17/2019 21:00:47 PAGE 1   


C51 COMPILER V9.00, COMPILATION OF MODULE DISPLAY
OBJECT MODULE PLACED IN Display.OBJ
COMPILER INVOKED BY: C:\Keil_v4\C51\BIN\C51.EXE Display.c BROWSE DEBUG OBJECTEXTEND

line level    source

   1          #include "Display.h"
   2          
   3          uchar yi = 11,er = 11,san = 11,si = 11,wu = 11,liu = 11,qi = 11,ba = 11;
   4          uchar duanxuan[]={0xc0,0xf9,0xa4,0xb0,0x99,0x92,0x82,0xf8,0x80,0x90,0xbf,0xff};
   5          
   6          void Display1(uchar yi,uchar er)
   7          {
   8   1               P2 = 0xc0; P0 = 0x01;
   9   1               P2 = 0xff; P0 = duanxuan[yi];
  10   1               Delay2ms();
  11   1               P2 = 0xc0; P0 = 0x02;
  12   1               P2 = 0xff; P0 = duanxuan[er];
  13   1               Delay2ms();
  14   1      }
  15          void Display2(uchar san,uchar si)
  16          {
  17   1               P2 = 0xc0; P0 = 0x04;
  18   1               P2 = 0xff; P0 = duanxuan[san];
  19   1               Delay2ms();
  20   1               P2 = 0xc0; P0 = 0x08;
  21   1               P2 = 0xff; P0 = duanxuan[si];
  22   1               Delay2ms();
  23   1      }
  24          void Display3(uchar wu,uchar liu)
  25          {
  26   1               P2 = 0xc0; P0 = 0x10;
  27   1               P2 = 0xff; P0 = duanxuan[wu];
  28   1               Delay2ms();
  29   1               P2 = 0xc0; P0 = 0x20;
  30   1               P2 = 0xff; P0 = duanxuan[liu];
  31   1               Delay2ms();
  32   1      }
  33          void Display4(uchar qi,uchar ba)
  34          {
  35   1               P2 = 0xc0; P0 = 0x40;
  36   1               P2 = 0xff; P0 = duanxuan[qi];
  37   1               Delay2ms();
  38   1               P2 = 0xc0; P0 = 0x80;
  39   1               P2 = 0xff; P0 = duanxuan[ba];
  40   1               Delay2ms();
  41   1      }
  42          void Delay2ms()
  43          {
  44   1              uchar i = 22,j = 128;
  45   1              _nop_();_nop_();
  46   1              do
  47   1              {
  48   2                      while(--j);
  49   2              }while(--i);
  50   1      
  51   1      }
  52                  


MODULE INFORMATION:   STATIC OVERLAYABLE
C51 COMPILER V9.00   DISPLAY                                                               03/17/2019 21:00:47 PAGE 2   

   CODE SIZE        =    145    ----
   CONSTANT SIZE    =   ----    ----
   XDATA SIZE       =   ----    ----
   PDATA SIZE       =   ----    ----
   DATA SIZE        =     20       4
   IDATA SIZE       =   ----    ----
   BIT SIZE         =   ----    ----
END OF MODULE INFORMATION.


C51 COMPILATION COMPLETE.  0 WARNING(S),  0 ERROR(S)
