C51 COMPILER V9.00   MAIN                                                                  03/17/2019 21:00:48 PAGE 1   


C51 COMPILER V9.00, COMPILATION OF MODULE MAIN
OBJECT MODULE PLACED IN Main.OBJ
COMPILER INVOKED BY: C:\Keil_v4\C51\BIN\C51.EXE Main.c BROWSE DEBUG OBJECTEXTEND

line level    source

   1          #include "Head.h"
   2          #include "Display.h"
   3          #include "Key.h"
   4          #include "iic.h"
   5          #include "ds1302.h"
   6          
   7          void InitAll();
   8          void Timer0Init();
   9          
  10          double voltage = 0;
  11          
  12          uint tt = 0;
  13          bit flag = 0;
  14          
  15          uchar VMAX = 20,VMIN = 10;
  16          void main()
  17          {
  18   1      
  19   1              InitAll();
  20   1              Timer0Init();
  21   1              Write_Time();
  22   1              while(1)
  23   1              {          
  24   2                      Read_Time();
  25   2       
  26   2                       if(S7 == 1)
  27   2                       {
  28   3                       //     S6 = 0;
  29   3                                      if(S4 == 0)
  30   3                                      {yi = Time[2]/10; er = Time[2]%10; san = 10; si = Time[1]/10; wu = Time[1]%10; liu = 10; qi = Time[0]/
             -10; ba = Time[0]%10;}
  31   3                                      else if(S4 == 1)
  32   3                                      {
  33   4                                              if(Time[0]%2 == 1)
  34   4                                              {yi = Time[2]/10; er = Time[2]%10; san = 10; si = Time[1]/10; wu = Time[1]%10; liu = 10; qi = Time[0]
             -/10; ba = Time[0]%10;}
  35   4                                              else if(Time[0]%2 == 0)
  36   4                                              {yi = 11; er = 11; san = 10; si = Time[1]/10; wu = Time[1]%10; liu = 10; qi = Time[0]/10; ba = Time[0
             -]%10;}
  37   4                                      }
  38   3                                      else if(S4 == 2)
  39   3                                      {
  40   4                                              if(Time[0]%2 == 1)
  41   4                                              {yi = Time[2]/10; er = Time[2]%10; san = 10; si = Time[1]/10; wu = Time[1]%10; liu = 10; qi = Time[0]
             -/10; ba = Time[0]%10;}
  42   4                                              else if(Time[0]%2 == 0)
  43   4                                              {yi = Time[2]/10; er = Time[2]%10; san = 10; si = 11; wu = 11; liu = 10; qi = Time[0]/10; ba = Time[0
             -]%10;}
  44   4                                      }
  45   3                                      else if(S4 == 3)
  46   3                                      {
  47   4                                              if(Time[0]%2 == 1)
  48   4                                              {yi = Time[2]/10; er = Time[2]%10; san = 10; si = Time[1]/10; wu = Time[1]%10; liu = 10; qi = Time[0]
             -/10; ba = Time[0]%10;}
  49   4                                              else if(Time[0]%2 == 0)
C51 COMPILER V9.00   MAIN                                                                  03/17/2019 21:00:48 PAGE 2   

  50   4                                              {yi = Time[2]/10; er = Time[2]%10; san = 10; si = Time[1]/10; wu = Time[1]%10; liu = 10; qi = 11; ba 
             -= 11;}
  51   4                                      }                       
  52   3                       }
  53   2      //               else if(S7 == 0)
  54   2      //               {yi = 11,er = 11,san = 11,si = 11,wu = 11,liu = 11,qi = 11,ba = 11;}
  55   2      //               
  56   2                       if(S6 == 1)
  57   2                       {
  58   3                       //     S7 = 0;
  59   3                              if(S4 == 0)
  60   3                              {
  61   4                                      voltage = Read_AD(0x03);
  62   4                                      voltage = voltage*10;
  63   4                                      yi = 10,er = 1,san = 10,si = 11,wu = (uint)voltage/10,liu = (uint)voltage%10,qi = 0,ba = 0;
  64   4                              }
  65   3                              else if(S4 == 1)
  66   3                              {
  67   4                                      if(Time[0]%2 == 1)
  68   4                                      {yi = VMAX/10,er = VMAX%10,san = 0,si = 0,wu = VMIN/10,liu = VMIN%10,qi = 0,ba = 0;}
  69   4                                      else if(Time[0]%2 == 0)
  70   4                                      {yi = 11,er = 11,san = 11,si = 11,wu = VMIN/10,liu = VMIN%10,qi = 0,ba = 0;}    
  71   4                              }
  72   3                              else if(S4 == 2)
  73   3                              {
  74   4                                      if(Time[0]%2 == 1)
  75   4                                      {yi = VMAX/10,er = VMAX%10,san = 0,si = 0,wu = VMIN/10,liu = VMIN%10,qi = 0,ba = 0;}
  76   4                                      else if(Time[0]%2 == 0)
  77   4                                      {yi = VMAX/10,er = VMAX%10,san = 0,si = 0,wu = 11,liu = 11,qi = 11,ba = 11;}    
  78   4                              }
  79   3                       }
  80   2                        
  81   2              
  82   2                      Key16();
  83   2                      Display1(yi,er);
  84   2                      Display2(san,si);
  85   2                      Display3(wu,liu);
  86   2                      Display4(qi,ba);        
  87   2              }
  88   1      }
  89          
  90          void Timer0()   interrupt 1
  91          {
  92   1              tt++;
  93   1              if(tt >= 500)
  94   1              {tt = 0;flag = ~flag;}
  95   1      }
  96          void Timer0Init(void)           //2毫秒@11.0592MHz
  97          {
  98   1              AUXR |= 0x80;           //定时器时钟1T模式
  99   1              TMOD &= 0xF0;           //设置定时器模式
 100   1              TL0 = 0x9A;             //设置定时初值
 101   1              TH0 = 0xA9;             //设置定时初值
 102   1              TF0 = 0;                //清除TF0标志
 103   1              TR0 = 1;                //定时器0开始计时
 104   1      }
 105          
 106          
 107          void InitAll()
 108          {
 109   1              P2 = 0xa0; P0 = 0x00;
 110   1              P2 = 0x80; P0 = 0xff;
C51 COMPILER V9.00   MAIN                                                                  03/17/2019 21:00:48 PAGE 3   

 111   1              P2 = 0xc0; P0 = 0xff;
 112   1              P2 = 0xff; P0 = 0xff;
 113   1      }


MODULE INFORMATION:   STATIC OVERLAYABLE
   CODE SIZE        =    622    ----
   CONSTANT SIZE    =   ----    ----
   XDATA SIZE       =   ----    ----
   PDATA SIZE       =   ----    ----
   DATA SIZE        =      8    ----
   IDATA SIZE       =   ----    ----
   BIT SIZE         =      1    ----
END OF MODULE INFORMATION.


C51 COMPILATION COMPLETE.  0 WARNING(S),  0 ERROR(S)
