C51 COMPILER V9.00   IIC                                                                   03/16/2019 12:56:52 PAGE 1   


C51 COMPILER V9.00, COMPILATION OF MODULE IIC
OBJECT MODULE PLACED IN iic.OBJ
COMPILER INVOKED BY: C:\Keil_v4\C51\BIN\C51.EXE iic.c BROWSE DEBUG OBJECTEXTEND

line level    source

   1          /*
   2            程序说明: IIC总线驱动程序
   3            软件环境: Keil uVision 4.10 
   4            硬件环境: CT107单片机综合实训平台 8051，12MHz
   5            日    期: 2011-8-9
   6          */
   7          
   8          #include "iic.h"
   9          
  10          #define somenop {_nop_();_nop_();_nop_();_nop_();_nop_();_nop_();_nop_();_nop_();_nop_();_nop_();_nop_();_
             -nop_();_nop_();_nop_();_nop_();_nop_();_nop_();_nop_();_nop_();_nop_();_nop_();_nop_();_nop_();_nop_();_nop_();_nop_();_
             -nop_();_nop_();_nop_();_nop_();_nop_();_nop_();_nop_();_nop_();_nop_();_nop_();_nop_();_nop_();_nop_();_nop_();}
  11              
  12          #define SlaveAddrW 0xA0
  13          #define SlaveAddrR 0xA1
  14          
  15          //总线引脚定义
  16          sbit SDA = P2^1;  /* 数据线 */
  17          sbit SCL = P2^0;  /* 时钟线 */
  18          
  19          
  20          //总线启动条件
  21          void IIC_Start(void)
  22          {
  23   1              SDA = 1;
  24   1              SCL = 1;
  25   1              somenop;
  26   1              SDA = 0;
  27   1              somenop;
  28   1              SCL = 0;        
  29   1      }
  30          
  31          //总线停止条件
  32          void IIC_Stop(void)
  33          {
  34   1              SDA = 0;
  35   1              SCL = 1;
  36   1              somenop;
  37   1              SDA = 1;
  38   1      }
  39          
  40          //应答位控制
  41          void IIC_Ack(bit ackbit)
  42          {
  43   1              if(ackbit) 
  44   1              {       
  45   2                      SDA = 0;
  46   2              }
  47   1              else 
  48   1              {
  49   2                      SDA = 1;
  50   2              }
  51   1              somenop;
  52   1              SCL = 1;
  53   1              somenop;
C51 COMPILER V9.00   IIC                                                                   03/16/2019 12:56:52 PAGE 2   

  54   1              SCL = 0;
  55   1              SDA = 1; 
  56   1              somenop;
  57   1      }
  58          
  59          //等待应答
  60          bit IIC_WaitAck(void)
  61          {
  62   1              SDA = 1;
  63   1              somenop;
  64   1              SCL = 1;
  65   1              somenop;
  66   1              if(SDA)    
  67   1              {   
  68   2                      SCL = 0;
  69   2                      IIC_Stop();
  70   2                      return 0;
  71   2              }
  72   1              else  
  73   1              { 
  74   2                      SCL = 0;
  75   2                      return 1;
  76   2              }
  77   1      }
  78          
  79          //通过I2C总线发送数据
  80          void IIC_SendByte(unsigned char byt)
  81          {
  82   1              unsigned char i;
  83   1              for(i=0;i<8;i++)
  84   1              {   
  85   2                      if(byt&0x80) 
  86   2                      {       
  87   3                              SDA = 1;
  88   3                      }
  89   2                      else 
  90   2                      {
  91   3                              SDA = 0;
  92   3                      }
  93   2                      somenop;
  94   2                      SCL = 1;
  95   2                      byt <<= 1;
  96   2                      somenop;
  97   2                      SCL = 0;
  98   2              }
  99   1      }
 100          
 101          //从I2C总线上接收数据
 102          unsigned char IIC_RecByte(void)
 103          {
 104   1              unsigned char da;
 105   1              unsigned char i;
 106   1              
 107   1              for(i=0;i<8;i++)
 108   1              {   
 109   2                      SCL = 1;
 110   2                      somenop;
 111   2                      da <<= 1;
 112   2                      if(SDA) 
 113   2                      da |= 0x01;
 114   2                      SCL = 0;
 115   2                      somenop;
C51 COMPILER V9.00   IIC                                                                   03/16/2019 12:56:52 PAGE 3   

 116   2              }
 117   1              return da;
 118   1      }
 119          double Read_AD(uchar addr)
 120          {       
 121   1              double temp;
 122   1      
 123   1               IIC_Start();
 124   1               IIC_SendByte(0x90);
 125   1               IIC_WaitAck();
 126   1               IIC_SendByte(addr);
 127   1               IIC_WaitAck();
 128   1               IIC_Stop();
 129   1      
 130   1               IIC_Start();
 131   1               IIC_SendByte(0x91);
 132   1               IIC_WaitAck();
 133   1               temp = IIC_RecByte();
 134   1               IIC_Stop();
 135   1               temp = (temp * 5)/255;
 136   1               return temp;
 137   1      }
 138          void Eeprom_Write(uchar addr,uchar dat)
 139          {
 140   1               IIC_Start();
 141   1               IIC_SendByte(0xa0);
 142   1               IIC_WaitAck();
 143   1               IIC_SendByte(addr);
 144   1               IIC_WaitAck();
 145   1               IIC_SendByte(dat);
 146   1               IIC_WaitAck();
 147   1               IIC_Stop();
 148   1      }
 149          uchar Erprom_Read(uchar addr)
 150          {
 151   1              uchar temp;
 152   1      
 153   1               IIC_Start();
 154   1               IIC_SendByte(0xa0);
 155   1               IIC_WaitAck();
 156   1               IIC_SendByte(addr);
 157   1               IIC_WaitAck();
 158   1               IIC_Stop();
 159   1      
 160   1               IIC_Start();
 161   1               IIC_SendByte(0xa1);
 162   1               IIC_WaitAck();
 163   1               temp = IIC_RecByte();
 164   1               IIC_WaitAck();
 165   1               IIC_Stop();
 166   1                 return temp;
 167   1      
 168   1      }
 169          
 170          
 171          


MODULE INFORMATION:   STATIC OVERLAYABLE
   CODE SIZE        =    717    ----
   CONSTANT SIZE    =   ----    ----
   XDATA SIZE       =   ----    ----
C51 COMPILER V9.00   IIC                                                                   03/16/2019 12:56:52 PAGE 4   

   PDATA SIZE       =   ----    ----
   DATA SIZE        =   ----       4
   IDATA SIZE       =   ----    ----
   BIT SIZE         =   ----       1
END OF MODULE INFORMATION.


C51 COMPILATION COMPLETE.  0 WARNING(S),  0 ERROR(S)
