C51 COMPILER V9.00   MAIN                                                                  01/30/2018 10:13:55 PAGE 1   


C51 COMPILER V9.00, COMPILATION OF MODULE MAIN
OBJECT MODULE PLACED IN .\Objects\main.obj
COMPILER INVOKED BY: C:\Keil_v5\C51\BIN\C51.EXE main.c OPTIMIZE(8,SPEED) BROWSE DEBUG OBJECTEXTEND PRINT(.\Listings\main
                    -.lst) TABS(2) OBJECT(.\Objects\main.obj)

line level    source

   1          #include"STC15F2K60S2.h"
   2          #include"allinit.h"
   3          #include"smg.h"
   4          #include"ds1302.c"
   5          
   6          #define uchar unsigned char
   7          #define uint unsigned int
   8          
   9          void main(void)
  10          {
  11   1        uchar i,j,k;
  12   1        allinit();
  13   1        smg_Timerinit();
  14   1        DS1302_Init(); 
  15   1        while(1)
  16   1        {
  17   2          dspbuff[2]=17;
  18   2          dspbuff[5]=17;
  19   2          i=Ds1302_Single_Byte_Read(ds1302_hr_addr);
  20   2          dspbuff[0]=i/16;
  21   2          dspbuff[1]=i%16;
  22   2          j=Ds1302_Single_Byte_Read(ds1302_min_addr);
  23   2          dspbuff[3]=j/16;
  24   2          dspbuff[4]=j%16;
  25   2          k=Ds1302_Single_Byte_Read(ds1302_sec_addr);
  26   2          dspbuff[6]=k/16;
  27   2          dspbuff[7]=k%16;
  28   2        }
  29   1        
  30   1      }


MODULE INFORMATION:   STATIC OVERLAYABLE
   CODE SIZE        =    414    ----
   CONSTANT SIZE    =   ----    ----
   XDATA SIZE       =   ----    ----
   PDATA SIZE       =   ----    ----
   DATA SIZE        =     29    ----
   IDATA SIZE       =   ----    ----
   BIT SIZE         =   ----    ----
END OF MODULE INFORMATION.


C51 COMPILATION COMPLETE.  0 WARNING(S),  0 ERROR(S)
