C51 COMPILER V9.00   MIAN                                                                  03/09/2019 14:46:16 PAGE 1   


C51 COMPILER V9.00, COMPILATION OF MODULE MIAN
OBJECT MODULE PLACED IN .\Objects\mian.obj
COMPILER INVOKED BY: C:\Keil_v4\C51\BIN\C51.EXE mian.c BROWSE DEBUG OBJECTEXTEND PRINT(.\Listings\mian.lst) OBJECT(.\Obj
                    -ects\mian.obj)

line level    source

   1          /*******************************************************************************  
   2          * 文件名称：超声波测距实验
   3          * 实验目的：1.掌握超声波测距原理
   4          *           2.掌握15单片机定时器工作模式和配置方法
   5          * 程序说明：设计延时函数，需要根据单片机的时钟频率进行调整,本例工作于11.0592MHz
   6          * 硬件说明：IAP15F2K61S2@11.0592MHz
   7          * 日期版本：2017-1-30
   8          *******************************************************************************/
   9          
  10          #include<STC15F2K60S2.H>
  11          #include "intrins.h"
  12          
  13          #define uchar unsigned char 
  14          #define uint unsigned int       
  15          
  16          #define somenop {_nop_();_nop_();_nop_();_nop_();_nop_();_nop_();_nop_();_nop_();_nop_(); _nop_();}
  17          sbit TX = P1^0;  //发射引脚
  18          sbit RX = P1^1;  //接收引脚
  19          
  20          uchar code tab[]={0XC0,0XF9,0XA4,0XB0,0X99,0X92,0X82,0XF8,0X80,0X90,0XBF,0XFF};
  21          uchar yi,er,san,si,wu ,liu,qi,ba;
  22          
  23          unsigned int intr = 0;
  24          bit s_flag;
  25          unsigned int t = 0;
  26          
  27          void send_wave(void);
  28          void Timer0Init(void)   ;
  29          void Timer1Init(void);
  30          
  31          void delayms(int ms);
  32          void allinit();
  33          void display1(uchar yi,uchar er);
  34          void display2(uchar san,uchar si);
  35          void display3(uchar wu,uchar liu);
  36          void display4(uchar qi,uchar ba);
  37          
  38          void main()
  39          {
  40   1              unsigned int distance;
  41   1              
  42   1              Timer0Init();
  43   1              Timer1Init();
  44   1      
  45   1              EA = 1;
  46   1              ET0 = 1;  //打开定时器0中断
  47   1              
  48   1              allinit();
  49   1              yi=11;er=11;san=11;si=11;wu=11;liu=0;qi=0;ba=0;
  50   1              
  51   1              while(1)
  52   1              {
  53   2                      if(s_flag) // 200毫秒更新一次数据 
  54   2                      {
C51 COMPILER V9.00   MIAN                                                                  03/09/2019 14:46:16 PAGE 2   

  55   3                              s_flag = 0;
  56   3                              send_wave();  //发送方波信号
  57   3                              TR1 = 1;  //启动计时
  58   3                              while((RX == 1) && (TF1 == 0));  //等待收到脉冲
  59   3                              TR1 = 0;  //关闭计时            
  60   3                              
  61   3                              if(TF1 == 1)//发生溢出
  62   3                              {
  63   4                                      TF1 = 0;
  64   4                                      distance = 9999;  //无返回
  65   4                              }
  66   3                              else
  67   3                              {               
  68   4                                      t = TH1;// 计算时间  
  69   4                                      t <<= 8;
  70   4                                      t |= TL1;
  71   4                                      distance = (unsigned int)(t*0.017);  //计算距离 
  72   4                                      distance = distance/12;
  73   4                                      //t*340   // t/1000000*340/2*100
  74   4                              }
  75   3                              TH1 = 0;
  76   3                              TL1 = 0;
  77   3                      }
  78   2                      
  79   2                      //数据处理                                               
  80   2                      liu = distance/100;
  81   2                      qi = distance%100/10;
  82   2                      ba = distance%10; 
  83   2                      
  84   2                      display1(yi,er);
  85   2                      display2(san,si);
  86   2                      display3(wu,liu);
  87   2                      display4(qi,ba);
  88   2              }
  89   1      }
  90          
  91          void Timer0Init(void)           //2毫秒@11.0592MHz
  92          {
  93   1              AUXR |= 0x80;           //定时器时钟1T模式
  94   1              TMOD &= 0xF0;           //设置定时器模式
  95   1              TL0 = 0x9A;             //设置定时初值
  96   1              TH0 = 0xA9;             //设置定时初值
  97   1              TF0 = 0;                //清除TF0标志
  98   1              TR0 = 1;                //定时器0开始计时
  99   1      }
 100          
 101          void Timer1Init(void)           //2毫秒@11.0592MHz
 102          {
 103   1              AUXR |= 0x40;           //定时器时钟1T模式
 104   1              TMOD &= 0x0F;           //设置定时器模式
 105   1      }
 106          
 107          //定时器0中断服务函数
 108          void isr_timer_0(void)  interrupt 1  //默认中断优先级 1
 109          {
 110   1              TL0 = 0x9A;             //设置定时初值
 111   1              TH0 = 0xA9;             //设置定时初值
 112   1      
 113   1              if(++intr == 100)
 114   1              {
 115   2                      s_flag = 1;
 116   2                      intr = 0;
C51 COMPILER V9.00   MIAN                                                                  03/09/2019 14:46:16 PAGE 3   

 117   2        }
 118   1      }
 119          
 120          //TX引脚发送40KHz方波信号驱动超声波发送探头
 121          //使用软件延时注意RC振荡器频率
 122          void send_wave(void)
 123          {
 124   1              unsigned char i = 8;  //发送8个脉冲
 125   1              
 126   1              do
 127   1              {
 128   2                      TX = 1;
 129   2                      somenop;somenop;somenop;somenop;somenop;somenop;somenop;somenop;somenop;somenop;                
 130   2                      TX = 0;
 131   2                      somenop;somenop;somenop;somenop;somenop;somenop;somenop;somenop;somenop;somenop;                
 132   2              }
 133   1              while(i--);
 134   1      }
 135          
 136          
 137          void delayms(int ms)
 138          {
 139   1              int i,j;
 140   1              for(i=ms;i>0;i--)
 141   1                      for(j=845;j>0;j--);
 142   1      }
 143          
 144          void allinit()
 145          {
 146   1              P2=0XA0;
 147   1              P0=0X00;//关闭蜂鸣器，继电器
 148   1              
 149   1              P2=0X80;
 150   1              P0=0XFF;//关闭LED灯
 151   1              
 152   1              P2=0XC0;
 153   1              P0=0XFF;//选择所有数码管
 154   1              P2=0XFF;
 155   1              P0=0XFF;//关闭所有数码管
 156   1      }
 157          
 158          void display1(uchar yi,uchar er)
 159          {
 160   1                      P2=0XC0;//打开位选573   U8
 161   1                      P0=0X01;//选择第一个数码管
 162   1                      P2=0XFF;//打开段选573   U7
 163   1                      P0=tab[yi];
 164   1                      delayms(1);
 165   1                      
 166   1                      P2=0XC0;//打开位选573   U8
 167   1                      P0=0X02;//选择第二个数码管
 168   1                      P2=0XFF;//打开段选573   U7
 169   1                      P0=tab[er];
 170   1                      delayms(1);
 171   1      }       
 172          
 173          void display2(uchar san,uchar si)
 174          {
 175   1                      P2=0XC0;//打开位选573   U8
 176   1                      P0=0X04;//选择第三个数码管
 177   1                      P2=0XFF;//打开段选573   U7
 178   1                      P0=tab[san];
C51 COMPILER V9.00   MIAN                                                                  03/09/2019 14:46:16 PAGE 4   

 179   1                      delayms(1);
 180   1                      
 181   1                      P2=0XC0;//打开位选573   U8
 182   1                      P0=0X08;//选择第四个数码管
 183   1                      P2=0XFF;//打开段选573   U7
 184   1                      P0=tab[si];
 185   1                      delayms(1);
 186   1      }
 187          
 188          void display3(uchar wu,uchar liu)
 189          {
 190   1                      P2=0XC0;//打开位选573   U8
 191   1                      P0=0X10;//选择第一个数码管
 192   1                      P2=0XFF;//打开段选573   U7
 193   1                      P0=tab[wu];
 194   1                      delayms(1);
 195   1                      
 196   1                      P2=0XC0;//打开位选573   U8
 197   1                      P0=0X20;//选择第一个数码管
 198   1                      P2=0XFF;//打开段选573   U7
 199   1                      P0=tab[liu];
 200   1                      delayms(1);
 201   1      }
 202          
 203          void display4(uchar qi,uchar ba)
 204          {
 205   1                      P2=0XC0;//打开位选573   U8
 206   1                      P0=0X40;//选择第一个数码管
 207   1                      P2=0XFF;//打开段选573   U7
 208   1                      P0=tab[qi];
 209   1                      delayms(1);
 210   1                      
 211   1                      P2=0XC0;//打开位选573   U8
 212   1                      P0=0X80;//选择第一个数码管
 213   1                      P2=0XFF;//打开段选573   U7
 214   1                      P0=tab[ba];
 215   1                      delayms(1);
 216   1      }
 217          
 218          
 219          
 220          
 221          
 222          
 223          
 224          
 225          
 226          
 227          
 228          
 229          
 230          
 231          
 232          
 233          
 234          
 235          
 236          
 237          
 238          
 239          

C51 COMPILER V9.00   MIAN                                                                  03/09/2019 14:46:16 PAGE 5   


MODULE INFORMATION:   STATIC OVERLAYABLE
   CODE SIZE        =    676    ----
   CONSTANT SIZE    =     12    ----
   XDATA SIZE       =   ----    ----
   PDATA SIZE       =   ----    ----
   DATA SIZE        =     12       2
   IDATA SIZE       =   ----    ----
   BIT SIZE         =      1    ----
END OF MODULE INFORMATION.


C51 COMPILATION COMPLETE.  0 WARNING(S),  0 ERROR(S)
