C51 COMPILER V9.00   DISPLAY                                                               03/13/2019 22:07:52 PAGE 1   


C51 COMPILER V9.00, COMPILATION OF MODULE DISPLAY
OBJECT MODULE PLACED IN .\Display.obj
COMPILER INVOKED BY: C:\Keil_v4\C51\BIN\C51.EXE ..\历年国赛真题练习\第八届超声波测距机（DAC、EEPROM）\Display.c BROWSE D
                    -EBUG OBJECTEXTEND PRINT(.\Display.lst) OBJECT(.\Display.obj)

line level    source

   1          #include "Display.h"
   2          
   3          uchar duanxuan[]={0xc0,0xf9,0xa4,0xb0,0x99,0x92,0x82,0xf8,0x80,0x90,0xbf,0xff,0xc6};
   4          uchar yi = 11,er = 11,san = 11,si = 11,wu = 11,liu = 11,qi = 11,ba = 11;
   5          void Display1(uchar yi,uchar er)
   6          {
   7   1              P2 = 0xc0; P0 = 0x01;
   8   1              P2 = 0xff; P0 = duanxuan[yi];
   9   1              Delay2ms();
  10   1              P2 = 0xc0; P0 = 0x02;
  11   1              P2 = 0xff; P0 = duanxuan[er];
  12   1              Delay2ms();
  13   1      }
  14          void Display2(uchar san,uchar si)
  15          {
  16   1              P2 = 0xc0; P0 = 0x04;
  17   1              P2 = 0xff; P0 = duanxuan[san];
  18   1              Delay2ms();
  19   1              P2 = 0xc0; P0 = 0x08;
  20   1              P2 = 0xff; P0 = duanxuan[si];
  21   1              Delay2ms();
  22   1      }
  23          void Display3(uchar wu,uchar liu)
  24          {
  25   1              P2 = 0xc0; P0 = 0x10;
  26   1              P2 = 0xff; P0 = duanxuan[wu];
  27   1              Delay2ms();
  28   1              P2 = 0xc0; P0 = 0x20;
  29   1              P2 = 0xff; P0 = duanxuan[liu];
  30   1              Delay2ms();
  31   1      }
  32          void Display4(uchar qi,uchar ba)
  33          {
  34   1              P2 = 0xc0; P0 = 0x40;
  35   1              P2 = 0xff; P0 = duanxuan[qi];
  36   1              Delay2ms();
  37   1              P2 = 0xc0; P0 = 0x80;
  38   1              P2 = 0xff; P0 = duanxuan[ba];
  39   1              Delay2ms();
  40   1      }
  41          
  42          void Delay2ms()
  43          {
  44   1              uchar i = 22,j = 128;
  45   1              _nop_();_nop_();
  46   1              do
  47   1              {
  48   2                      while(--j);     
  49   2              }  while(--i);
  50   1      
  51   1      }
  52          
  53          

C51 COMPILER V9.00   DISPLAY                                                               03/13/2019 22:07:52 PAGE 2   


MODULE INFORMATION:   STATIC OVERLAYABLE
   CODE SIZE        =    145    ----
   CONSTANT SIZE    =   ----    ----
   XDATA SIZE       =   ----    ----
   PDATA SIZE       =   ----    ----
   DATA SIZE        =     21       4
   IDATA SIZE       =   ----    ----
   BIT SIZE         =   ----    ----
END OF MODULE INFORMATION.


C51 COMPILATION COMPLETE.  0 WARNING(S),  0 ERROR(S)
