C51 COMPILER V9.00   DS1302                                                                03/13/2019 22:07:52 PAGE 1   


C51 COMPILER V9.00, COMPILATION OF MODULE DS1302
OBJECT MODULE PLACED IN .\ds1302.obj
COMPILER INVOKED BY: C:\Keil_v4\C51\BIN\C51.EXE ..\历年国赛真题练习\第八届超声波测距机（DAC、EEPROM）\ds1302.c BROWSE DE
                    -BUG OBJECTEXTEND PRINT(.\ds1302.lst) OBJECT(.\ds1302.obj)

line level    source

   1          /*
   2            程序说明: DS1302驱动程序
   3            软件环境: Keil uVision 4.10 
   4            硬件环境: CT107单片机综合实训平台 8051，12MHz
   5            日    期: 2011-8-9
   6          */
   7          
   8          #include "ds1302.h"
   9          
  10          sbit SCK=P1^7;          
  11          sbit SDA=P2^3;          
  12          sbit RST = P1^3;   // DS1302复位                                                                                                
  13          
  14          uchar Time[]={50,59,23,0,0,0,0};
  15          
  16          void Write_Ds1302_Byte(unsigned  char temp) 
  17          {
  18   1              unsigned char i;
  19   1              for (i=0;i<8;i++)       
  20   1              { 
  21   2                      SCK=0;
  22   2                      SDA=temp&0x01;
  23   2                      temp>>=1; 
  24   2                      SCK=1;
  25   2              }
  26   1      }   
  27          
  28          void Write_Ds1302( unsigned char address,unsigned char dat )     
  29          {
  30   1              RST=0;
  31   1              _nop_();
  32   1              SCK=0;
  33   1              _nop_();
  34   1              RST=1;  
  35   1              _nop_();  
  36   1              Write_Ds1302_Byte(address);     
  37   1              Write_Ds1302_Byte((dat/10<<4)|(dat%10));                
  38   1              RST=0; 
  39   1      }
  40          
  41          unsigned char Read_Ds1302 ( unsigned char address )
  42          {
  43   1              unsigned char i,temp=0x00;
  44   1              uchar dat1,dat2;
  45   1              RST=0;
  46   1              _nop_();
  47   1              SCK=0;
  48   1              _nop_();
  49   1              RST=1;
  50   1              _nop_();
  51   1              Write_Ds1302_Byte(address);
  52   1              for (i=0;i<8;i++)       
  53   1              {               
  54   2                      SCK=0;
C51 COMPILER V9.00   DS1302                                                                03/13/2019 22:07:52 PAGE 2   

  55   2                      temp>>=1;       
  56   2                      if(SDA)
  57   2                      temp|=0x80;     
  58   2                      SCK=1;
  59   2              } 
  60   1              RST=0;
  61   1              _nop_();
  62   1              RST=0;
  63   1              SCK=0;
  64   1              _nop_();
  65   1              SCK=1;
  66   1              _nop_();
  67   1              SDA=0;
  68   1              _nop_();
  69   1              SDA=1;
  70   1              _nop_();
  71   1              dat1 = temp/16;
  72   1              dat2 = temp%16;
  73   1              temp = dat1*10+dat2;
  74   1              return (temp);                  
  75   1      }
  76          void Write_Time()
  77          {
  78   1              uchar temp = 0x80;
  79   1              uchar i;
  80   1              Write_Ds1302(0x8e,0x00);
  81   1              for(i = 0; i < 7; i++)
  82   1              {
  83   2                      Write_Ds1302(temp,Time[i]);
  84   2                      temp = temp+2;
  85   2              }
  86   1              Write_Ds1302(0x8e,0x80);
  87   1      }
  88          void Read_Time()
  89          {
  90   1              uchar temp = 0x81;
  91   1              uchar i;
  92   1              Write_Ds1302(0x8e,0x00);
  93   1              for(i = 0; i < 7; i++)
  94   1              {
  95   2                      Time[i] = Read_Ds1302(temp);
  96   2                      temp = temp + 2;
  97   2              }
  98   1              Write_Ds1302(0x8e,0x80);
  99   1      }
 100          
 101          
 102          
 103          
 104          


MODULE INFORMATION:   STATIC OVERLAYABLE
   CODE SIZE        =    193    ----
   CONSTANT SIZE    =   ----    ----
   XDATA SIZE       =   ----    ----
   PDATA SIZE       =   ----    ----
   DATA SIZE        =      7    ----
   IDATA SIZE       =   ----    ----
   BIT SIZE         =   ----    ----
END OF MODULE INFORMATION.


C51 COMPILATION COMPLETE.  0 WARNING(S),  0 ERROR(S)
