C51 COMPILER V9.00   KEY                                                                   03/13/2019 22:07:52 PAGE 1   


C51 COMPILER V9.00, COMPILATION OF MODULE KEY
OBJECT MODULE PLACED IN .\Key.obj
COMPILER INVOKED BY: C:\Keil_v4\C51\BIN\C51.EXE ..\历年国赛真题练习\第八届超声波测距机（DAC、EEPROM）\Key.c BROWSE DEBUG
                    - OBJECTEXTEND PRINT(.\Key.lst) OBJECT(.\Key.obj)

line level    source

   1          #include "Key.h"
   2          #include "Display.h"
   3          
   4          uchar Value = 0;
   5          
   6          void Key16()
   7          {
   8   1              P42 = 0; P44 = 0; P3 = 0x0f;
   9   1      
  10   1              if(P3 != 0x0f)
  11   1              {
  12   2                      Delay2ms();
  13   2                      if(P3 != 0x0f)
  14   2                      {
  15   3                              P42 = 1; P44 = 1; P3 =0x30;
  16   3                              if((P3 == 0x30)&&(P42 == 1)&&(P44 == 0))
  17   3                              Value = 0;
  18   3                              else if((P3 == 0x30)&&(P42 == 0)&&(P44 == 1))
  19   3                              Value = 1;
  20   3                              else if((P3 == 0x10)&&(P42 == 1)&&(P44 == 1))
  21   3                              Value = 2;
  22   3                              else if((P3 == 0x20)&&(P42 == 1)&&(P44 == 1))
  23   3                              Value = 3;
  24   3      
  25   3                              P42 = 0; P44 = 0; P3 =0x0f;
  26   3                              
  27   3                              switch(P3)
  28   3                              {
  29   4                                      case(0x0e): Value += 0;break;
  30   4                                      case(0x0d): Value += 4;break;
  31   4                                      case(0x0b): Value += 8;break;
  32   4                                      case(0x07): Value += 12;break; 
  33   4                              }
  34   3      
  35   3                              switch(Value)
  36   3                              {
  37   4                                      case(0): yi = 0;break;
  38   4                                      case(1): yi = 1;break;
  39   4                                      case(2): yi = 2;break;
  40   4                                      case(3): yi = 3;break;
  41   4                                      case(4): yi = 4;break;
  42   4                                      case(5): yi = 5;break;
  43   4                                      case(6): yi = 6;break;
  44   4                                      case(7): yi = 7;break;
  45   4                                      case(8): yi = 8;break;
  46   4                                      case(9): yi = 9;break;
  47   4                                      case(10): yi = 1,er = 0;break;
  48   4                                      case(11): yi = 1,er = 1;break;
  49   4                              }
  50   3      
  51   3                              while(P3 != 0x0f);
  52   3                      }
  53   2              }
  54   1              
C51 COMPILER V9.00   KEY                                                                   03/13/2019 22:07:52 PAGE 2   

  55   1      }


MODULE INFORMATION:   STATIC OVERLAYABLE
   CODE SIZE        =    256    ----
   CONSTANT SIZE    =   ----    ----
   XDATA SIZE       =   ----    ----
   PDATA SIZE       =   ----    ----
   DATA SIZE        =      1    ----
   IDATA SIZE       =   ----    ----
   BIT SIZE         =   ----    ----
END OF MODULE INFORMATION.


C51 COMPILATION COMPLETE.  0 WARNING(S),  0 ERROR(S)
