C51 COMPILER V9.00   IIC                                                                   03/23/2019 12:29:33 PAGE 1   


C51 COMPILER V9.00, COMPILATION OF MODULE IIC
OBJECT MODULE PLACED IN iic.obj
COMPILER INVOKED BY: C:\Keil_v4\C51\BIN\C51.EXE Use\iic.c BROWSE DEBUG OBJECTEXTEND PRINT(.\iic.lst) OBJECT(iic.obj)

line level    source

   1          /*
   2            程序说明: IIC总线驱动程序
   3            软件环境: Keil uVision 4.10 
   4            硬件环境: CT107单片机综合实训平台 8051，12MHz
   5            日    期: 2011-8-9
   6          */
   7          
   8          #include "iic.h"
   9           
  10          
  11          #define DELAY_TIME 30
  12          
  13          #define SlaveAddrW 0xA0
  14          #define SlaveAddrR 0xA1
  15          
  16          //总线引脚定义
  17          sbit SDA = P2^1;  /* 数据线 */
  18          sbit SCL = P2^0;  /* 时钟线 */
  19          
  20          void IIC_Delay(unsigned char i)
  21          {
  22   1          do{_nop_();}
  23   1          while(i--);        
  24   1      }
  25          //总线启动条件
  26          void IIC_Start(void)
  27          {
  28   1          SDA = 1;
  29   1          SCL = 1;
  30   1          IIC_Delay(DELAY_TIME);
  31   1          SDA = 0;
  32   1          IIC_Delay(DELAY_TIME);
  33   1          SCL = 0;    
  34   1      }
  35          
  36          //总线停止条件
  37          void IIC_Stop(void)
  38          {
  39   1          SDA = 0;
  40   1          SCL = 1;
  41   1          IIC_Delay(DELAY_TIME);
  42   1          SDA = 1;
  43   1          IIC_Delay(DELAY_TIME);
  44   1      }
  45          
  46          //发送应答
  47           
  48          
  49          //等待应答
  50          bit IIC_WaitAck(void)
  51          {
  52   1          bit ackbit;
  53   1              
  54   1          SCL  = 1;
  55   1          IIC_Delay(DELAY_TIME);
C51 COMPILER V9.00   IIC                                                                   03/23/2019 12:29:33 PAGE 2   

  56   1          ackbit = SDA;
  57   1          SCL = 0;
  58   1          IIC_Delay(DELAY_TIME);
  59   1          return ackbit;
  60   1      }
  61          
  62          //通过I2C总线发送数据
  63          void IIC_SendByte(unsigned char byt)
  64          {
  65   1          unsigned char i;
  66   1      
  67   1          for(i=0; i<8; i++)
  68   1          {
  69   2              SCL  = 0;
  70   2              IIC_Delay(DELAY_TIME);
  71   2              if(byt & 0x80) SDA  = 1;
  72   2              else SDA  = 0;
  73   2              IIC_Delay(DELAY_TIME);
  74   2              SCL = 1;
  75   2              byt <<= 1;
  76   2              IIC_Delay(DELAY_TIME);
  77   2          }
  78   1          SCL  = 0;  
  79   1      }
  80          
  81          //从I2C总线上接收数据
  82          unsigned char IIC_RecByte(void)
  83          {
  84   1          unsigned char i, da;
  85   1          for(i=0; i<8; i++)
  86   1          {   
  87   2              SCL = 1;
  88   2              IIC_Delay(DELAY_TIME);
  89   2              da <<= 1;
  90   2              if(SDA) da |= 1;
  91   2              SCL = 0;
  92   2              IIC_Delay(DELAY_TIME);
  93   2          }
  94   1          return da;    
  95   1      }
  96          float Read_AD(uchar addr)
  97          {
  98   1              float temp;
  99   1              IIC_Start();
 100   1              IIC_SendByte(0x90);
 101   1              IIC_WaitAck();
 102   1              IIC_SendByte(addr);
 103   1              IIC_WaitAck();
 104   1              IIC_Stop();
 105   1              IIC_Start();
 106   1              IIC_SendByte(0x91);
 107   1              IIC_WaitAck();
 108   1              temp = IIC_RecByte();
 109   1              IIC_Stop();
 110   1              temp = temp*5/255;
 111   1              return temp;
 112   1      }
 113          
 114          
 115          
 116          
 117          
C51 COMPILER V9.00   IIC                                                                   03/23/2019 12:29:33 PAGE 3   



MODULE INFORMATION:   STATIC OVERLAYABLE
   CODE SIZE        =    218    ----
   CONSTANT SIZE    =   ----    ----
   XDATA SIZE       =   ----    ----
   PDATA SIZE       =   ----    ----
   DATA SIZE        =   ----       4
   IDATA SIZE       =   ----    ----
   BIT SIZE         =   ----       1
END OF MODULE INFORMATION.


C51 COMPILATION COMPLETE.  0 WARNING(S),  0 ERROR(S)
