C51 COMPILER V9.00   KEY                                                                   03/23/2019 13:02:25 PAGE 1   


C51 COMPILER V9.00, COMPILATION OF MODULE KEY
OBJECT MODULE PLACED IN .\Key.obj
COMPILER INVOKED BY: C:\Keil_v4\C51\BIN\C51.EXE ..\DriveTest\Key.c BROWSE DEBUG OBJECTEXTEND PRINT(.\Key.lst) OBJECT(.\K
                    -ey.obj)

line level    source

   1          #include "Key.h"
   2          #include "Display.h"
   3          
   4          uchar value = 0;
   5          
   6          void Key16()
   7          {
   8   1              P42 = 0; P44 = 0; P3 = 0x0f;
   9   1      
  10   1              if(P3 != 0x0f)
  11   1              {
  12   2                      Delay2ms();
  13   2                      if(P3 != 0x0f)
  14   2                      {
  15   3                              switch(P3)
  16   3                              {
  17   4                                      case 0x0e:value = 1;break;
  18   4                                      case 0x0d:value = 5;break;
  19   4                                      case 0x0b:value = 9;break;
  20   4                                      case 0x07:value = 13;break;
  21   4                              }
  22   3      
  23   3                              P42 = 1; P44 = 1; P3 = 0xf0;
  24   3                              if(P44 == 0)value += 0;while(P44 == 0);
  25   3                              if(P42 == 0)value += 1;while(P42 == 0);
  26   3                              if(P3 == 0xd0)value +=2;while(P3 == 0xd0);
  27   3                              if(P3 == 0xe0)value +=3;while(P3 == 0xe0);
  28   3      
  29   3                               switch(value)
  30   3                              {
  31   4                                      case 1:yi = 1;break;
  32   4                                      case 2:yi = 2;break;
  33   4                                      case 3:yi = 3;break;
  34   4                                      case 4:yi = 4;break;
  35   4                                      case 5:yi = 5;break;
  36   4                                      case 6:yi = 6;break;
  37   4                                      case 7:yi = 7;break;
  38   4                                      case 8:yi = 8;break;
  39   4                              }
  40   3                                                      
  41   3                      }
  42   2              }
  43   1      
  44   1      }


MODULE INFORMATION:   STATIC OVERLAYABLE
   CODE SIZE        =    192    ----
   CONSTANT SIZE    =   ----    ----
   XDATA SIZE       =   ----    ----
   PDATA SIZE       =   ----    ----
   DATA SIZE        =      1    ----
   IDATA SIZE       =   ----    ----
   BIT SIZE         =   ----    ----
C51 COMPILER V9.00   KEY                                                                   03/23/2019 13:02:25 PAGE 2   

END OF MODULE INFORMATION.


C51 COMPILATION COMPLETE.  0 WARNING(S),  0 ERROR(S)
