C51 COMPILER V9.00   MAIN                                                                  03/23/2019 13:02:25 PAGE 1   


C51 COMPILER V9.00, COMPILATION OF MODULE MAIN
OBJECT MODULE PLACED IN .\Main.obj
COMPILER INVOKED BY: C:\Keil_v4\C51\BIN\C51.EXE ..\DriveTest\Main.c BROWSE DEBUG OBJECTEXTEND PRINT(.\Main.lst) OBJECT(.
                    -\Main.obj)

line level    source

   1          #include "Head.h"
   2          #include "Display.h"
   3          #include "Key.h"
   4          
   5          void InitAll();
   6          
   7          
   8          void main()
   9          {
  10   1              InitAll();
  11   1              while(1)
  12   1              {
  13   2                      Key16();
  14   2                      Display1(yi,er);
  15   2                      Display2(san,si);
  16   2                      Display3(wu,liu);
  17   2                      Display4(qi,ba);        
  18   2              }
  19   1              
  20   1      }
  21          void InitAll()
  22          {
  23   1              P2 = 0xa0; P0 = 0x00;
  24   1              P2 = 0x80; P0 = 0xff;
  25   1              P2 = 0xc0; P0 = 0xff;
  26   1              P2 = 0xff; P0 = 0xff;
  27   1      }


MODULE INFORMATION:   STATIC OVERLAYABLE
   CODE SIZE        =     61    ----
   CONSTANT SIZE    =   ----    ----
   XDATA SIZE       =   ----    ----
   PDATA SIZE       =   ----    ----
   DATA SIZE        =   ----    ----
   IDATA SIZE       =   ----    ----
   BIT SIZE         =   ----    ----
END OF MODULE INFORMATION.


C51 COMPILATION COMPLETE.  0 WARNING(S),  0 ERROR(S)
