C51 COMPILER V9.00   MAIN                                                                  02/12/2018 17:29:10 PAGE 1   


C51 COMPILER V9.00, COMPILATION OF MODULE MAIN
OBJECT MODULE PLACED IN .\Objects\main.obj
COMPILER INVOKED BY: C:\Keil_v5\C51\BIN\C51.EXE main.c OPTIMIZE(8,SPEED) BROWSE DEBUG OBJECTEXTEND PRINT(.\Listings\main
                    -.lst) TABS(2) OBJECT(.\Objects\main.obj)

line level    source

   1          #include"STC15F2K60S2.h"
   2          #include"iic.c"
   3          #include"ds1302.c"
   4          #include"keypad.h"
   5          #include"allinit.h"
   6          #include"smg.h"
   7          
   8          #define uchar unsigned char
   9          #define uint unsigned int
  10          
  11          sbit S7Switch = P3^0;
  12          sbit S6 = P3^1;
  13          sbit S5 = P3^2;
  14          sbit S4 = P3^3;
  15          
  16          uchar HUMIDITY_HOPE = 50,HUMIDITY_NOW; //湿度阈值，湿度当前值；
  17          
  18          bit AT=1;//自动模式标志
  19          bit RELAY_Flag,BUZZ_Flag; //继电器标志，蜂鸣器标志
  20          
  21          
  22          
  23          void ManualS();
  24          void AutoS();
  25          
  26          /*===============================================
  27           指示部分
  28          ===================================================*/
  29          void RELAY(uchar i)  //1 开
  30          {
  31   1        if(i)
  32   1        {
  33   2          P2 = (P2&0x1f)|0xA0;
  34   2          P0 = 0x10;
  35   2          P2 &=0x1f;
  36   2        }
  37   1        else
  38   1        {
  39   2          P2 = (P2&0x1f)|0xA0;
  40   2          P0 = 0x00;
  41   2          P2 &=0x1f;
  42   2        }
  43   1      }
  44          
  45          void BUZZ(uchar i)  //1 开
  46          {
  47   1        if(i)
  48   1        {
  49   2          P2 = (P2&0x1f)|0xA0;
  50   2          P0 = 0x40;
  51   2          P2 &=0x1f;
  52   2        }
  53   1        else
  54   1        {
C51 COMPILER V9.00   MAIN                                                                  02/12/2018 17:29:10 PAGE 2   

  55   2          P2 = (P2&0x1f)|0xA0;
  56   2          P0 = 0x00;
  57   2          P2 &=0x1f;
  58   2        }
  59   1      }
  60          
  61          void LED1(uchar i)  //1 开
  62          {
  63   1        if(i)
  64   1        {
  65   2          P2 = (P2&0x1f)|0x80;
  66   2          P0 = 0xfe;
  67   2          P2 &=0x1f;
  68   2        }
  69   1        else
  70   1        {
  71   2          P2 = (P2&0x1f)|0x80;
  72   2          P0 = 0xff;
  73   2          P2 &=0x1f;
  74   2        }
  75   1      }
  76          
  77          void LED2(uchar i)  //1 开
  78          {
  79   1        if(i)
  80   1        {
  81   2          P2 = (P2&0x1f)|0x80;
  82   2          P0 = 0xfd;
  83   2          P2 &=0x1f;
  84   2        }
  85   1        else
  86   1        {
  87   2          P2 = (P2&0x1f)|0x80;
  88   2          P0 = 0xff;
  89   2          P2 &=0x1f;
  90   2        }
  91   1      }
  92          /*==================================================*/
  93          //void Delay100ms()   //@11.0592MHz
  94          //{
  95          //  unsigned char i, j, k;
  96          
  97          //  _nop_();
  98          //  _nop_();
  99          //  i = 5;
 100          //  j = 52;
 101          //  k = 195;
 102          //  do
 103          //  {
 104          //    do
 105          //    {
 106          //      while (--k);
 107          //    } while (--j);
 108          //  } while (--i);
 109          //}
 110          
 111          
 112          
 113          void main(void)
 114          {
 115   1        uint ADC_Value;
 116   1        uchar hour,min;
C51 COMPILER V9.00   MAIN                                                                  02/12/2018 17:29:10 PAGE 3   

 117   1        allinit();
 118   1        smg_Timer0init();
 119   1        DS1302_Init();
 120   1        HUMIDITY_HOPE=ReadByte_AT24C02(0x02);
 121   1        ADC_Read(0x03,&ADC_Value);
 122   1        while(1)
 123   1        {
 124   2          /*-----------------------------------------------------------*/
 125   2          //自动模式 AT=1 / 手动模式切换 AT=0
 126   2          /*-------------------------------------------------------------**/
 127   2          if(!S7Switch && !SetFlag)
 128   2          {
 129   3            Delay10ms();
 130   3            if(!S7Switch)
 131   3            {
 132   4              AT = ~AT;
 133   4            }
 134   3            while(!S7Switch);
 135   3          }
 136   2          if(ReadTime == 1)
 137   2          {
 138   3            ReadTime = 0;
 139   3            hour = Ds1302_Single_Byte_Read(ds1302_hr_addr);
 140   3            dspbuff[0]=hour / 16;
 141   3            dspbuff[1]=hour % 16;
 142   3            dspbuff[2]=17;
 143   3            min = Ds1302_Single_Byte_Read(ds1302_min_addr);
 144   3            dspbuff[3]=min / 16;
 145   3            dspbuff[4]=min % 16;
 146   3          }
 147   2          if(ReadHum == 1)
 148   2          {
 149   3            ReadHum = 0;
 150   3            //读取通道3 AD 模数转换的值，单端输入
 151   3            ADC_Read(0x03,&ADC_Value);
 152   3            //将0~255转化为湿度 0~99
 153   3            HUMIDITY_NOW =fun(ADC_Value);
 154   3          
 155   3            dspbuff[6] = HUMIDITY_NOW % 100 / 10;
 156   3            dspbuff[7] = HUMIDITY_NOW % 100 % 10;
 157   3            if(AT == 1)  //判断是否启动 自动模式
 158   3            {
 159   4              AutoS();
 160   4            }
 161   3            else
 162   3            {
 163   4              ManualS();
 164   4            }
 165   3          }
 166   2          
 167   2          /*-------------------------------------------------------------*/
 168   2          if(AT == 0) //手动模式按键设置
 169   2          {
 170   3            if(!S6)
 171   3            {
 172   4              Delay10ms();
 173   4              if(!S6)
 174   4              {
 175   5                 BUZZ_Flag = ~BUZZ_Flag;
 176   5              }
 177   4              while(!S6);
 178   4            }
C51 COMPILER V9.00   MAIN                                                                  02/12/2018 17:29:10 PAGE 4   

 179   3            if(!S5)
 180   3            {
 181   4              Delay10ms();
 182   4              if(!S5)
 183   4              {
 184   5                RELAY_Flag  = 1;
 185   5              }
 186   4              while(!S5);
 187   4            }
 188   3            if(!S4)
 189   3            {
 190   4              Delay10ms();
 191   4              if(!S4)
 192   4              {
 193   5                RELAY_Flag  = 0;
 194   5              }
 195   4              while(!S4);
 196   4            }
 197   3          }
 198   2          else  //自动模式按键设置
 199   2          {
 200   3            if(!S6)
 201   3            {
 202   4              Delay10ms();
 203   4              if(!S6)
 204   4              {
 205   5                SetFlag = ~SetFlag;
 206   5                if(SetFlag)
 207   5                {
 208   6                  dspbuff[2] = 16;
 209   6                  dspbuff[3] = 16;
 210   6                  dspbuff[4] = 16;
 211   6                  dspbuff[5] = 16;  
 212   6                }
 213   5                else
 214   5                {
 215   6                  Write_AT24C02(0x02,HUMIDITY_HOPE);//保存湿度阈值到EEPROM  
 216   6                }
 217   5              }
 218   4              while(!S6);
 219   4            }
 220   3            /*******************************湿度阈值设置*************************************/
 221   3            if(SetFlag)      //进入阈值调整模式
 222   3            {
 223   4              if(!S5)
 224   4              {
 225   5                Delay10ms();
 226   5                if(!S5)
 227   5                {
 228   6                  HUMIDITY_HOPE++;  
 229   6                }
 230   5                while(!S5);
 231   5              }
 232   4              if(!S4)
 233   4              {
 234   5                Delay10ms();
 235   5                if(!S4)
 236   5                {
 237   6                  HUMIDITY_HOPE--;  
 238   6                }
 239   5                while(!S4);
 240   5              }
C51 COMPILER V9.00   MAIN                                                                  02/12/2018 17:29:10 PAGE 5   

 241   4              dspbuff[0] = 17;
 242   4              dspbuff[1] = 17;
 243   4              dspbuff[6] = HUMIDITY_HOPE/10;
 244   4              dspbuff[7] = HUMIDITY_HOPE%10;
 245   4            }        //阈值调整模式
 246   3          }     //自动模式按键
 247   2        }
 248   1      }
 249          
 250          //    Delay100ms();
 251          
 252          void Autos()
 253          {
 254   1        LED1(1);
 255   1        if(HUMIDITY_NOW < HUMIDITY_HOPE)
 256   1          RELAY(1); 
 257   1        else 
 258   1          RELAY(0);
 259   1      }
 260          
 261          void ManualS()
 262          {
 263   1        LED2(1);
 264   1        if((HUMIDITY_NOW < HUMIDITY_HOPE) && (BUZZ_Flag == 1))
 265   1        {
 266   2          if(RELAY_Flag == 1)
 267   2          {
 268   3            RELAY(1);
 269   3            BUZZ(1);
 270   3          }
 271   2          else
 272   2          {
 273   3            BUZZ(1);
 274   3          }
 275   2        }
 276   1        else
 277   1        {
 278   2          if(RELAY_Flag == 1)
 279   2          {
 280   3            RELAY(1);
 281   3          }
 282   2          else
 283   2          {
 284   3            RELAY(0);
 285   3            BUZZ(0);
 286   3          }
 287   2        }   
 288   1      }


MODULE INFORMATION:   STATIC OVERLAYABLE
   CODE SIZE        =   1277    ----
   CONSTANT SIZE    =   ----    ----
   XDATA SIZE       =   ----    ----
   PDATA SIZE       =   ----    ----
   DATA SIZE        =     31       8
   IDATA SIZE       =   ----    ----
   BIT SIZE         =      6    ----
END OF MODULE INFORMATION.


C51 COMPILATION COMPLETE.  0 WARNING(S),  0 ERROR(S)
