C51 COMPILER V9.00   DS1302                                                                03/01/2018 15:52:44 PAGE 1   


C51 COMPILER V9.00, COMPILATION OF MODULE DS1302
OBJECT MODULE PLACED IN .\Objects\ds1302.obj
COMPILER INVOKED BY: C:\Keil_v5\C51\BIN\C51.EXE ds1302.c OPTIMIZE(8,SPEED) BROWSE DEBUG OBJECTEXTEND PRINT(.\Listings\ds
                    -1302.lst) TABS(2) OBJECT(.\Objects\ds1302.obj)

line level    source

   1          #include "ds1302.h"
*** ERROR C202 IN LINE 7 OF DS1302.H: 'P1': undefined identifier
*** ERROR C202 IN LINE 8 OF DS1302.H: 'P2': undefined identifier
*** ERROR C202 IN LINE 9 OF DS1302.H: 'P1': undefined identifier
   2          /*！！！！！！！！！！！！！！！！！！！！！！！！！！！！！！！！！
   3          调用此模块时记得在main() 里调用初始化函数 DS1302_Init()；
   4          
   5          ！！！！！！！！！！！！！！！！！！！！！！！！！！！！！！！！！！！*/
   6          
   7          /*              秒   分   时   日   月   星期  年                         */
   8          Timeinit[] = {0x50,0x59,0x23,0x25,0x01,0x06,0x18};
   9          /********************************************************************/
  10          //------------------------------------------------------------------
  11          //函数名称：Write_Ds1302_Byte(unsigned char dat)
  12          //函数功能：向DS1302写入一个字节
  13          //输入参数：date  将要写入的数据
  14          //返回值：无
  15          //时序原理：在控制指令字输入后的下一个SCLK时钟的上升沿时数据被写入DS1302，数据输入从第0位开始
  16          //------------------------------------------------------------------
  17          
  18          /*发送一个字节到 DS1302 通信总线上*/
  19          void Write_Ds1302_Byte(unsigned char dat)
  20          {
  21   1        unsigned char i;
  22   1        SCK = 0;                //拉低SCLK，为脉冲上升沿写入数据做好准备
*** ERROR C202 IN LINE 22 OF DS1302.C: 'SCK': undefined identifier
  23   1        for (i=0;i<8;i++)
  24   1        {
  25   2          if (dat & 0x01)   // 首先取出dat的第0位(低位)数据写入1302
  26   2          {
  27   3            SDA_SET;    //#define SDA_SET SDA=1 /*电平置高*/
*** ERROR C202 IN LINE 27 OF DS1302.C: 'SDA_ds': undefined identifier
  28   3          }
  29   2          else
  30   2          {
  31   3            SDA_CLR;    //#define SDA_CLR SDA=0 /*电平置低*/
*** ERROR C202 IN LINE 31 OF DS1302.C: 'SDA_ds': undefined identifier
  32   3          }
  33   2          SCK_SET;            //然后拉高时钟，上升沿写入数据
*** ERROR C202 IN LINE 33 OF DS1302.C: 'SCK': undefined identifier
  34   2          SCK_CLR;        //再拉低时钟，形成脉冲，完成一个位的操作
*** ERROR C202 IN LINE 34 OF DS1302.C: 'SCK': undefined identifier
  35   2          dat = dat >> 1; //将 data的各数据位右移1位，准备写入下一个数据位(高位)
  36   2        }
  37   1      }
  38          /********************************************************************/
  39          //------------------------------------------------------------------
  40          //函数名称：Read_Ds1302_Byte(void)
  41          //函数功能：从DS1302读取一个字节
  42          //输入参数：无
  43          //返回值：读取的数据
  44          //时序原理：在紧跟8位的控制指令字后的下一个SCLK时钟的下降沿时读出DS1302的数据，读出数据时从低位0位到高位7
  45          //注意：DS1302中所存放的数据是BCD码，在读写时要注意转换
  46          //例如：00011000，当把它视为二进制数时，其值为24；但作为2位BCD码时，其值为18。
C51 COMPILER V9.00   DS1302                                                                03/01/2018 15:52:44 PAGE 2   

  47          //------------------------------------------------------------------
  48          
  49          /* 由 DS1302 通信总线上读取一个字节 */
  50          unsigned char Read_Ds1302_Byte(void)
  51          {
  52   1        unsigned char i, dat=0;
  53   1        for (i=0;i<8;i++)
  54   1        {
  55   2          dat = dat >> 1;
  56   2          /*首先读取此时的 IO 引脚，并设置 date 中的对应位*/
  57   2          if (SDA_R)    //等价于if(SDA_R==1)    #define SDA_R SDA
*** ERROR C202 IN LINE 57 OF DS1302.C: 'SDA_ds': undefined identifier
  58   2          {
  59   3            dat |= 0x80; // xxxx xxxx | 1000 0000 = 1xxx xxxx/*写 1*/
  60   3          }
  61   2          else //可不写？
  62   2          {
  63   3            dat &= 0x7F; // xxxx xxxx & 0111 1111 = 0xxx xxxx/*写 0*/
  64   3          }
  65   2          SCK_SET;    //然后拉高时钟，为脉冲下降沿读出数据做准备
*** ERROR C202 IN LINE 65 OF DS1302.C: 'SCK': undefined identifier
  66   2          SCK_CLR;    //再拉低时钟，时钟下降沿读出，完成一个位的动作
*** ERROR C202 IN LINE 66 OF DS1302.C: 'SCK': undefined identifier
  67   2        }
  68   1        return dat;  //最后返回读到的字节数据
  69   1      }
  70          
  71          /********************************************************************/
  72          /*用单次写操作向某一寄存器写入一个字节，addr-寄存器地址，data-待写入字节 */
  73          void Ds1302_Single_Byte_Write(unsigned char addr, unsigned char dat)
  74          {
  75   1      
  76   1        RST_CLR;      /*RST脚置低，实现DS1302的初始化*/
*** ERROR C202 IN LINE 76 OF DS1302.C: 'RST': undefined identifier
  77   1        SCK_CLR;      /*SCK脚置低，实现DS1302的初始化*/
*** ERROR C202 IN LINE 77 OF DS1302.C: 'SCK': undefined identifier
  78   1      
  79   1        RST_SET;      //使能片选信号  /*启动DS1302总线,RST=1电平置高 */
*** ERROR C202 IN LINE 79 OF DS1302.C: 'RST': undefined identifier
  80   1        addr = addr & 0xFE;   /*保证是写操作,写之前将最低位置零*/
  81   1        Write_Ds1302_Byte(addr); /*写入目标地址：addr*/
  82   1        Write_Ds1302_Byte(dat);  /*写入数据：dat*/
  83   1        RST_CLR;         //除能片选信号 /*停止DS1302总线*/
*** ERROR C202 IN LINE 83 OF DS1302.C: 'RST': undefined identifier
  84   1      }
  85          
  86          /********************************************************************/
  87          //------------------------------------------------------------------
  88          //函数名称：Ds1302_Single_Byte_Read(unsigned char addr)
  89          //函数功能：从DS1302的指定寄存器读数据
  90          //输入参数：addr 为读寄存器的地址
  91          //返回值：data 读取的数据
  92          //命令字：也即读寄存器的地址 最高位位7必须为1，位6如果为0表示存取日历数据，位5至位1表示操作单元的地址，位0
             -为1表示读操作
  93          //------------------------------------------------------------------
  94          
  95          /*用单次读操作从某一寄存器读取一个字节，addr-寄存器地址，返回值-读到的字节 */
  96          unsigned char Ds1302_Single_Byte_Read(unsigned char addr)  //调用显示时要 % 或 / 16，而不是 10
  97          {
  98   1        unsigned char dat;
  99   1        RST_CLR;      /*RST脚置低，实现DS1302的初始化*/
*** ERROR C202 IN LINE 99 OF DS1302.C: 'RST': undefined identifier
C51 COMPILER V9.00   DS1302                                                                03/01/2018 15:52:44 PAGE 3   

 100   1        SCK_CLR;      /*SCK脚置低，实现DS1302的初始化*/
*** ERROR C202 IN LINE 100 OF DS1302.C: 'SCK': undefined identifier
 101   1      
 102   1        RST_SET;  //使能片选信号 /*启动DS1302总线,RST=1电平置高 */
*** ERROR C202 IN LINE 102 OF DS1302.C: 'RST': undefined identifier
 103   1        addr = addr | 0x01;   /* 保证是写操作,写之前将最低位置高*/
 104   1        Write_Ds1302_Byte(addr); /*写入目标地址：addr*/
 105   1        dat=Read_Ds1302_Byte(); /*从DS1302中读出一个字节的数据*/
 106   1        RST_CLR;  //除能片选信号 /*停止DS1302总线*/
*** ERROR C202 IN LINE 106 OF DS1302.C: 'RST': undefined identifier
 107   1          SDA_CLR;//已经修改 释放IO引脚
*** ERROR C202 IN LINE 107 OF DS1302.C: 'SDA_ds': undefined identifier
 108   1        return dat;
 109   1      }
 110          
 111          /**************************************************************************/
 112          //自己写的程序 
 113          void DS1302_Init()
 114          {
 115   1          Ds1302_Single_Byte_Write(0x8e,0x00); //关掉写保护
 116   1      
 117   1          Ds1302_Single_Byte_Write(ds1302_sec_addr,Timeinit[0]);  //秒
 118   1          Ds1302_Single_Byte_Write(ds1302_min_addr,Timeinit[1]);  //分 27
 119   1          Ds1302_Single_Byte_Write(ds1302_hr_addr,Timeinit[2]);  //时  09 
 120   1          Ds1302_Single_Byte_Write(ds1302_date_addr,Timeinit[3]);  //日 
 121   1          Ds1302_Single_Byte_Write(ds1302_month_addr,Timeinit[4]);  //月
 122   1          Ds1302_Single_Byte_Write(ds1302_day_addr,Timeinit[5]);  //星期
 123   1          Ds1302_Single_Byte_Write(ds1302_year_addr,Timeinit[6]);  //年
 124   1      
 125   1          Ds1302_Single_Byte_Write(0x8e,0x80); //关掉写保护
 126   1      }
 127          

C51 COMPILATION COMPLETE.  0 WARNING(S),  20 ERROR(S)
