C51 COMPILER V9.00   ONEWIRE                                                               03/01/2018 15:52:44 PAGE 1   


C51 COMPILER V9.00, COMPILATION OF MODULE ONEWIRE
OBJECT MODULE PLACED IN .\Objects\onewire.obj
COMPILER INVOKED BY: C:\Keil_v5\C51\BIN\C51.EXE onewire.c OPTIMIZE(8,SPEED) BROWSE DEBUG OBJECTEXTEND PRINT(.\Listings\o
                    -newire.lst) TABS(2) OBJECT(.\Objects\onewire.obj)

line level    source

   1          /*
   2            程序说明: 单总线驱动程序
   3            软件环境: Keil uVision 4.10
   4            硬件环境: CT107单片机综合实训平台
   5            日    期: 2011-8-9
   6          */
   7          
   8          #include "onewire.h"
*** ERROR C202 IN LINE 11 OF ONEWIRE.H: 'P1': undefined identifier
   9          #include<intrins.h>
  10          
  11          //单总线延时函数
  12          void Delay_OneWire(unsigned int t) //延时 1us
  13          {
  14   1        /*自增自减为 1 个机器周期，1T 模式下一个机器周期需要 1 个时钟周期，12T 需要 12 个时钟周期；
  15   1        比如对于常用的 12M晶振来说：12T模式，一个机器周期为 1us；1T模式，一个机器周期为1/12 us；
  16   1        时钟晶振的振荡频率为fosc，则振荡周期Tosc=（1/fosc）。如：晶振频率为12MHZ，则振荡周期Tosc=（1/12us）。
  17   1        STC15F2K60S2比89C51速度快了12倍，所以它运行12条指令才能延时为原来的 1 us；*/
  18   1        unsigned char i;
  19   1        while(t--)
  20   1        {
  21   2            for(i=0;i<12;i++);
  22   2        }
  23   1      }
  24          
  25          //DS18B20芯片初始化 [敲门说话--聆听声响--获知情况]  [人点烛,鬼吹灯]
  26          bit Init_DS18B20(void)
  27          {
  28   1        bit initflag = 0;
  29   1        DQ = 1; //DQ复位，不要也可行，因为上拉电阻的存在，总线一般属于高电平，处于空闲状态
*** ERROR C202 IN LINE 29 OF ONEWIRE.C: 'DQ': undefined identifier
  30   1        Delay_OneWire(12);  //稍作延时
  31   1        /*主机通过拉低总线至少 480us，以产生(Tx)复位脉冲。*/
  32   1        DQ = 0; //主机“敲门”，即控制器也就是单片机拉低总线     【人点烛】
*** ERROR C202 IN LINE 32 OF ONEWIRE.C: 'DQ': undefined identifier
  33   1        Delay_OneWire(80);  //精确延时，维持至少 480 us
  34   1        /*接着主机释放总线，并进入接收模式(Rx)。当总线被释放后，总线仿佛弹了回去，5K上拉电阻将单总线拉高。*/
  35   1        DQ = 1; //释放总线
*** ERROR C202 IN LINE 35 OF ONEWIRE.C: 'DQ': undefined identifier
  36   1        /*当单总线器件检测到上升沿后，延时16~60 us，接着通过拉低单总线60~240 us以产生应答脉冲*/
  37   1        Delay_OneWire(10);  //15~60us 的从机反应时间
  38   1        initflag = DQ;      //等待从机回应                     【鬼吹灯】
*** ERROR C202 IN LINE 38 OF ONEWIRE.C: 'DQ': undefined identifier
  39   1        Delay_OneWire(5);   //主机发送应答脉冲所需时间
  40   1          return initflag;
  41   1      }
  42          
  43          //通过单总线向DS18B20写一个字节 [ 指令都是一个字节 ]
  44          void Write_DS18B20(unsigned char dat)  //每个写时隙需要 60 us
  45          {
  46   1        unsigned char i;
  47   1        for(i=0;i<8;i++)
  48   1        {
  49   2          DQ = 0;   //拉低总线
C51 COMPILER V9.00   ONEWIRE                                                               03/01/2018 15:52:44 PAGE 2   

*** ERROR C202 IN LINE 49 OF ONEWIRE.C: 'DQ': undefined identifier
  50   2          _nop_();  //至少维持了1us，表示写时序(包括写0时序或写1时序)开始，1~15us的从机反应时间
  51   2          /*从字节的最低位开始传输；指令dat的最低位赋予给总线,
  52   2          必须在拉低总线后的15us内, 因为15us后DS18B20会对总线采样。*/
  53   2          DQ = dat&0x01;   //取出最低位
*** ERROR C202 IN LINE 53 OF ONEWIRE.C: 'DQ': undefined identifier
  54   2          Delay_OneWire(5);//必须让写时序至少持续60~45 us，等待从机采样
  55   2          DQ = 1;  //写完后必须释放总线
*** ERROR C202 IN LINE 55 OF ONEWIRE.C: 'DQ': undefined identifier
  56   2          dat >>= 1;
  57   2        }
  58   1        Delay_OneWire(5);
  59   1      }
  60          
  61          //从DS18B20读取一个字节, 读时隙也为60 us ，但主机必须在读时隙的前15 us内完成采样
  62          unsigned char Read_DS18B20(void)
  63          {
  64   1        unsigned char i;
  65   1        unsigned char dat;
  66   1      
  67   1        for(i=0;i<8;i++)
  68   1        {
  69   2          DQ = 0;    //将总线拉低，要在1us之后释放总线；主机采样在15us以内，单片机要在此下降沿后的15us内读数据才会
             -有效。
*** ERROR C202 IN LINE 69 OF ONEWIRE.C: 'DQ': undefined identifier
  70   2          _nop_(); //至少维持了1~15 us,表示读时序开始
  71   2          dat >>= 1;//让从总线上读到的位数据，依次从高位移动到低位 /* 1xxx xxxx --> 21xx xxxx --> 321x xxxx -->...
             ---->8765 4321 */
  72   2          DQ = 1;    //释放总线，此后从机 DS18B20会控制总线,把数据传输到总线上
*** ERROR C202 IN LINE 72 OF ONEWIRE.C: 'DQ': undefined identifier
  73   2                          //延时7us,此处参照推荐的读时序图，尽量把控制器采样时间放到读时序后的15us内的最后部分
  74   2          if(DQ)       //控制器进行采样
*** ERROR C202 IN LINE 74 OF ONEWIRE.C: 'DQ': undefined identifier
  75   2          {
  76   3            dat |= 0x80;
  77   3          }
  78   2          Delay_OneWire(5);//此延时不能少，确保读时序的长度60us。
  79   2        }
  80   1        return dat;
  81   1      }
  82          
  83          /******************************************************************************
  84          小数时返回值为 float, 主函数调用时用 uint
  85          *******************************************************************************/
  86          
  87          unsigned char Temper_Read()
  88          {
  89   1          unsigned char TL,TH;
  90   1          char temp;            //整数
  91   1      //    unsigned int temp;    //小数
  92   1      //    float temperature;
  93   1          Init_DS18B20();       //DS18B20初始化
  94   1          Write_DS18B20(0xCC);  //跳过ROM的字节命令
  95   1          Write_DS18B20(0x44);  //开始转换思路
  96   1          Delay_OneWire(200);   //延时一段时间
  97   1      
  98   1          Init_DS18B20();      //再次初始化
  99   1          Write_DS18B20(0xcc);
 100   1          Write_DS18B20(0xbe); //读取指令
 101   1          TL=Read_DS18B20();   //读低八位
 102   1          TH=Read_DS18B20();   //读高8位
 103   1          //整数
C51 COMPILER V9.00   ONEWIRE                                                               03/01/2018 15:52:44 PAGE 3   

 104   1          temp=(TH<<4)|(TL>>4);
 105   1      //    //小数部分  
 106   1      //    temp = (TH & 0x0f);
 107   1      //    temp <<=8;
 108   1      //    temp |=TL;
 109   1      //    temperature = temp*0.625; //选择精度，得到真实十进制温度值 //0.0625=xx, 0.625=xx.x, 6.25=xx.xx 
 110   1          //整数
 111   1          return temp;
 112   1      //    //小数
 113   1      //    return temperature;
 114   1      }

C51 COMPILATION COMPLETE.  0 WARNING(S),  11 ERROR(S)
