C51 COMPILER V9.00   KEY                                                                   03/20/2019 16:27:48 PAGE 1   


C51 COMPILER V9.00, COMPILATION OF MODULE KEY
OBJECT MODULE PLACED IN Key.OBJ
COMPILER INVOKED BY: C:\Keil_v4\C51\BIN\C51.EXE Key.c BROWSE DEBUG OBJECTEXTEND

line level    source

   1          #include "Key.h"
   2          #include "Display.h"
   3           
   4          
   5          uchar S7 = 0,S6 = 0,S5 = 0,S4 = 0;
   6          
   7          void Key()
   8          {
   9   1              if(P30 == 0)
  10   1              {
  11   2                      Delay2ms() ;
  12   2                      if(P30 == 0)
  13   2                      {
  14   3                              if(S7 == 0)
  15   3                              {
  16   4                                      S7 = 1;
  17   4                              }
  18   3                              else if(S7 == 1)
  19   3                              {S7 = 0;}
  20   3                      }
  21   2                      while(!P30);
  22   2              }
  23   1              else if(P31 == 0)
  24   1              {
  25   2                      Delay2ms();
  26   2                      if(P31 == 0)
  27   2                      {
  28   3                              ET1 = 0;
  29   3                              ET0 = 0;
  30   3                              JobTime = 0;
  31   3                              P2 = 0x80; P0 = 0xff;
  32   3                      }
  33   2                      while(!P31);
  34   2              }
  35   1              else if(P32 == 0)
  36   1              {
  37   2                      Delay2ms();
  38   2                      if(P32 == 0)
  39   2                      {
  40   3                         if(S5 == 0)
  41   3                         {S5 = 1;JobTime = 60;ET0 = 1;ET1 = 1;EA = 1;}
  42   3                         else if(S5 == 1)
  43   3                         {S5 = 2; JobTime = 120;}
  44   3                         else if(S5 == 2)
  45   3                         {S5 = 0; JobTime = 0;}
  46   3               
  47   3                      }
  48   2                      while(!P32);
  49   2              }
  50   1              else if(P33 == 0)
  51   1              {
  52   2                      Delay2ms();
  53   2                      if(P33 == 0)
  54   2                      {
  55   3                              if(S4 == 0)
C51 COMPILER V9.00   KEY                                                                   03/20/2019 16:27:48 PAGE 2   

  56   3                              {S4 = 1;PWM = 20;}
  57   3                              else if(S4 ==1 )
  58   3                              {S4 = 2;PWM = 30;}
  59   3                              else if(S4 == 2)
  60   3                              {S4 = 0;PWM = 70;}
  61   3                       
  62   3      
  63   3                      }
  64   2                      while(!P33);
  65   2              }
  66   1      
  67   1              
  68   1      }
  69          //uchar value = 0;
  70          //
  71          //void Key16()
  72          //{
  73          //      P42 = 0, P44 = 0, P3 = 0x0f;
  74          //
  75          //      if(P3 != 0x0f)
  76          //      {
  77          //              Delay2ms();
  78          //              if(P3 != 0x0f)
  79          //              {
  80          //                       P42 = 1, P44 = 1, P3 = 0x30;
  81          //
  82          //                       if((P3 == 0x30)&&(P42 == 1)&&(P44 == 0))
  83          //                       value = 0;
  84          //                       if((P3 == 0x30)&&(P42 == 0)&&(P44 == 1))
  85          //                       value = 1;
  86          //                       if((P3 == 0x10)&&(P42 == 1)&&(P44 == 1))
  87          //                       value = 2;
  88          //                       if((P3 == 0x20)&&(P42 == 1)&&(P44 == 1))
  89          //                       value = 3;
  90          //
  91          //                       P42 = 0, P44 = 0, P3 = 0x0f;
  92          //
  93          //                       switch(P3)
  94          //                       {
  95          //                              case(0x0e):value += 0;break;
  96          //                              case(0x0d):value += 4;break;
  97          //                              case(0x0b):value += 8;break;
  98          //                              case(0x07):value += 12;break;
  99          //                       }
 100          //
 101          //                       switch(value)
 102          //                       {
 103          //                              case(0):yi = 0;break;
 104          //                              case(1):yi = 1;break;
 105          //                              case(2):yi = 2;break;
 106          //                              case(3):yi = 3;break;
 107          //                              case(4):yi = 4;break;
 108          //                              case(5):yi = 5;break;
 109          //                              case(6):yi = 6;break;
 110          //                              case(7):yi = 7;break;   
 111          //                              case(8):yi = 8;break;
 112          //                              case(9):yi = 9;break;
 113          //                        
 114          //                       }
 115          //
 116          //
 117          //                       while(P3 != 0x0f);
C51 COMPILER V9.00   KEY                                                                   03/20/2019 16:27:48 PAGE 3   

 118          //              }
 119          //      }
 120          //}
 121          


MODULE INFORMATION:   STATIC OVERLAYABLE
   CODE SIZE        =    174    ----
   CONSTANT SIZE    =   ----    ----
   XDATA SIZE       =   ----    ----
   PDATA SIZE       =   ----    ----
   DATA SIZE        =      4    ----
   IDATA SIZE       =   ----    ----
   BIT SIZE         =   ----    ----
END OF MODULE INFORMATION.


C51 COMPILATION COMPLETE.  0 WARNING(S),  0 ERROR(S)
