C51 COMPILER V9.00   MAIN                                                                  03/20/2019 16:27:48 PAGE 1   


C51 COMPILER V9.00, COMPILATION OF MODULE MAIN
OBJECT MODULE PLACED IN Main.OBJ
COMPILER INVOKED BY: C:\Keil_v4\C51\BIN\C51.EXE Main.c BROWSE DEBUG OBJECTEXTEND

line level    source

   1          #include "Head.h"
   2          #include "Display.h"
   3          #include "Key.h"
   4          #include "onewire.h"
   5           
   6          void InitAll();
   7          void Timer0Init(void);
   8          void Timer1Init(void);
   9          uchar temp;
  10          uchar PWM = 20;
  11          int JobTime = 0;
  12             
  13          void main()
  14          {
  15   1              InitAll();
  16   1              Timer0Init();
  17   1              Timer1Init();
  18   1                      ET1 = 1;
  19   1                      ET0 = 1;
  20   1                      EA = 1;
  21   1              while(1)
  22   1              {  
  23   2                      if(S7 == 0)
  24   2                      {
  25   3                              if(S4 == 0)
  26   3                              {yi = 10,er = 1,san = 10,si = 11,wu = 0,liu = JobTime/100,qi = JobTime/10%10,ba = JobTime%10;
  27   4                              P2 = 0x80; P0 = 0xfe;}
  28   3                               else if(S4 == 1)
  29   3                              {yi = 10,er = 2,san = 10,si = 11,wu = 0,liu = 0,qi = JobTime/10,ba = JobTime%10;
  30   4                              P2 = 0x80; P0 = 0xfd;}
  31   3                               else if(S4 == 2)
  32   3                              {yi = 10,er = 3,san = 10,si = 11,wu = 0,liu = 0,qi = JobTime/10,ba = JobTime%10;
  33   4                              P2 = 0x80; P0 = 0xfb;}
  34   3                      }
  35   2                      else if(S7 == 1)
  36   2                      {       
  37   3                              P2 = 0x80; P0 = 0xff;
  38   3                              temp = Read_18B20();
  39   3                         yi = 10,er = 4,san = 10,si = 11,wu = 11,liu = temp/10,qi = temp%10,ba = 12;
  40   3                      }       
  41   2      
  42   2              
  43   2                      if(JobTime <= 0)
  44   2                      {
  45   3                              ET1 = 0;
  46   3                              ET0 = 0;
  47   3                              JobTime = 0;
  48   3                              P2 = 0x80; P0 = 0xff;
  49   3                      }
  50   2                              Key();
  51   2                      Display1(yi,er);
  52   2                      Display2(san,si);
  53   2                      Display3(wu,liu);
  54   2                      Display4(qi,ba);
  55   2               }
C51 COMPILER V9.00   MAIN                                                                  03/20/2019 16:27:48 PAGE 2   

  56   1              
  57   1      }
  58          
  59          void Time1()    interrupt 3
  60          {
  61   1              static uint i;
  62   1              i++;
  63   1              if(i >= 1000)
  64   1              {
  65   2                      i = 0;  
  66   2                      JobTime--;
  67   2              }
  68   1      }
  69          void Time0()    interrupt 1
  70          {
  71   1               static uchar value;
  72   1               value++;
  73   1              if(value >= 100)//1khz
  74   1              {
  75   2                      value = 0;
  76   2                      P34 = 0;
  77   2              }
  78   1              if(value < PWM) 
  79   1                      P34 = 1;
  80   1              else
  81   1                      P34 = 0;
  82   1      
  83   1      } 
  84           void Timer1Init(void)          //2毫秒@11.0592MHz
  85          {
  86   1              AUXR |= 0x40;           //定时器时钟1T模式
  87   1              TMOD &= 0x0F;           //设置定时器模式
  88   1              TL1 = 0xcd;             //设置定时初值
  89   1              TH1 = 0xd4;             //设置定时初值
  90   1              TF1 = 0;                //清除TF1标志
  91   1              TR1 = 1;                //定时器1开始计时
  92   1              ET1 = 1;
  93   1              EA = 1;
  94   1      }
  95          
  96           void Timer0Init(void)          //100微秒@11.0592MHz
  97          {
  98   1              AUXR |= 0x80;           //定时器时钟1T模式
  99   1              TMOD &= 0xF0;           //设置定时器模式
 100   1              TL0 = 0x91;             //设置定时初值
 101   1              TH0 = 0xff;             //设置定时初值
 102   1              TF0 = 0;                //清除TF0标志
 103   1              TR0 = 1;                //定时器0开始计时
 104   1      //      ET0 = 1;
 105   1              EA = 1;
 106   1      
 107   1      }
 108          
 109          void InitAll()
 110          {
 111   1              P2 = 0xa0; P0 = 0x00;
 112   1              P2 = 0x80; P0 = 0xff;
 113   1              P2 = 0xc0; P0 = 0xff;
 114   1              P2 = 0xff; P0 = 0xff;
 115   1                                              
 116   1      }

C51 COMPILER V9.00   MAIN                                                                  03/20/2019 16:27:48 PAGE 3   


MODULE INFORMATION:   STATIC OVERLAYABLE
   CODE SIZE        =    459    ----
   CONSTANT SIZE    =   ----    ----
   XDATA SIZE       =   ----    ----
   PDATA SIZE       =   ----    ----
   DATA SIZE        =      7    ----
   IDATA SIZE       =   ----    ----
   BIT SIZE         =   ----    ----
END OF MODULE INFORMATION.


C51 COMPILATION COMPLETE.  0 WARNING(S),  0 ERROR(S)
