C51 COMPILER V9.00   IIC                                                                   03/20/2019 21:56:14 PAGE 1   


C51 COMPILER V9.00, COMPILATION OF MODULE IIC
OBJECT MODULE PLACED IN iic.OBJ
COMPILER INVOKED BY: C:\Keil_v4\C51\BIN\C51.EXE iic.c BROWSE DEBUG OBJECTEXTEND

line level    source

   1          /*
   2            程序说明: IIC总线驱动程序
   3            软件环境: Keil uVision 4.10 
   4            硬件环境: CT107单片机综合实训平台(12MHz)
   5            日    期: 2011-8-9
   6          */
   7          
   8          #include "iic.h"
   9          
  10          //总线启动条件
  11          void IIC_Start(void)
  12          {
  13   1              SDA = 1;
  14   1              SCL = 1;
  15   1              somenop;
  16   1              SDA = 0;
  17   1              somenop;
  18   1              SCL = 0;        
  19   1      }
  20          
  21          //总线停止条件
  22          void IIC_Stop(void)
  23          {
  24   1              SDA = 0;
  25   1              SCL = 1;
  26   1              somenop;
  27   1              SDA = 1;
  28   1      }
  29          
  30          //应答位控制
  31          void IIC_Ack(unsigned char ackbit)
  32          {
  33   1              if(ackbit) 
  34   1              {       
  35   2                      SDA = 0;
  36   2              }
  37   1              else 
  38   1              {
  39   2                      SDA = 1;
  40   2              }
  41   1              somenop;
  42   1              SCL = 1;
  43   1              somenop;
  44   1              SCL = 0;
  45   1              SDA = 1; 
  46   1              somenop;
  47   1      }
  48          
  49          //等待应答
  50          bit IIC_WaitAck(void)
  51          {
  52   1              SDA = 1;
  53   1              somenop;
  54   1              SCL = 1;
  55   1              somenop;
C51 COMPILER V9.00   IIC                                                                   03/20/2019 21:56:14 PAGE 2   

  56   1              if(SDA)    
  57   1              {   
  58   2                      SCL = 0;
  59   2                      IIC_Stop();
  60   2                      return 0;
  61   2              }
  62   1              else  
  63   1              { 
  64   2                      SCL = 0;
  65   2                      return 1;
  66   2              }
  67   1      }
  68          
  69          //通过I2C总线发送数据
  70          void IIC_SendByte(unsigned char byt)
  71          {
  72   1              unsigned char i;
  73   1              for(i=0;i<8;i++)
  74   1              {   
  75   2                      if(byt&0x80) 
  76   2                      {       
  77   3                              SDA = 1;
  78   3                      }
  79   2                      else 
  80   2                      {
  81   3                              SDA = 0;
  82   3                      }
  83   2                      somenop;
  84   2                      SCL = 1;
  85   2                      byt <<= 1;
  86   2                      somenop;
  87   2                      SCL = 0;
  88   2              }
  89   1      }
  90          
  91          //从I2C总线上接收数据
  92          unsigned char IIC_RecByte(void)
  93          {
  94   1              unsigned char da;
  95   1              unsigned char i;
  96   1              
  97   1              for(i=0;i<8;i++)
  98   1              {   
  99   2                      SCL = 1;
 100   2                      somenop;
 101   2                      da <<= 1;
 102   2                      if(SDA) 
 103   2                      da |= 0x01;
 104   2                      SCL = 0;
 105   2                      somenop;
 106   2              }
 107   1              return da;
 108   1      }
 109          uchar Read_AD(uchar addr)
 110          {
 111   1              uchar temp;
 112   1              IIC_Start();
 113   1              IIC_SendByte(0x90);
 114   1              IIC_WaitAck();
 115   1              IIC_SendByte(addr);
 116   1              IIC_WaitAck();
 117   1              IIC_Stop();
C51 COMPILER V9.00   IIC                                                                   03/20/2019 21:56:14 PAGE 3   

 118   1              IIC_Start();
 119   1              IIC_SendByte(0x91);
 120   1              IIC_WaitAck();
 121   1              temp = IIC_RecByte();
 122   1              IIC_WaitAck();
 123   1              IIC_Stop();
 124   1       
 125   1              return temp;
 126   1      }
 127          void Write_EEPROM(uchar addr,uchar dat)
 128          {
 129   1              IIC_Start();
 130   1              IIC_SendByte(0xa0);
 131   1              IIC_WaitAck();
 132   1              IIC_SendByte(addr);
 133   1              IIC_WaitAck();
 134   1              IIC_SendByte(dat);
 135   1              IIC_WaitAck();
 136   1              IIC_Stop();
 137   1      }
 138          uchar Read_EEPROM(uchar addr)
 139          {
 140   1              uchar temp;
 141   1              IIC_Start();
 142   1              IIC_SendByte(0xa0);
 143   1              IIC_WaitAck();
 144   1              IIC_SendByte(addr);
 145   1              IIC_WaitAck();
 146   1              IIC_Stop();
 147   1              IIC_Start();
 148   1              IIC_SendByte(0xa1);
 149   1              IIC_WaitAck();
 150   1              temp = IIC_RecByte();
 151   1              IIC_WaitAck();
 152   1              IIC_Stop();
 153   1               return temp;
 154   1      }
 155          
 156          
 157          


MODULE INFORMATION:   STATIC OVERLAYABLE
   CODE SIZE        =    664    ----
   CONSTANT SIZE    =   ----    ----
   XDATA SIZE       =   ----    ----
   PDATA SIZE       =   ----    ----
   DATA SIZE        =   ----    ----
   IDATA SIZE       =   ----    ----
   BIT SIZE         =   ----    ----
END OF MODULE INFORMATION.


C51 COMPILATION COMPLETE.  0 WARNING(S),  0 ERROR(S)
