C51 COMPILER V9.00   MAIN                                                                  03/20/2019 21:56:14 PAGE 1   


C51 COMPILER V9.00, COMPILATION OF MODULE MAIN
OBJECT MODULE PLACED IN Main.OBJ
COMPILER INVOKED BY: C:\Keil_v4\C51\BIN\C51.EXE Main.c BROWSE DEBUG OBJECTEXTEND

line level    source

   1          #include "Head.h"
   2          #include "Display.h"
   3          #include "key.h"
   4          #include "iic.h"
   5          
   6          
   7          void InitAll();
   8          void Timer0Init(void);
   9          void LED_blibli(uchar mode);
  10          
  11          uchar temp;
  12          uchar mode = 4;
  13          uint Interval = 400;
  14          bit flag = 0;
  15          uchar luminance = 1;
  16          
  17          uchar num = 0;
  18          void main()
  19          {
  20   1       //P2 = 0x80; P0 = 0xff;
  21   1              InitAll();
  22   1              Timer0Init();
  23   1              ET0 = 1; EA = 1;
  24   1                      Delay2ms();
  25   1               mode = Read_EEPROM(0x00);
  26   1                              Delay2ms();
  27   1               Interval = Read_EEPROM(0x01)*10;
  28   1                
  29   1              
  30   1              while(1)
  31   1              {
  32   2                      luminance = Read_AD(0x03);
  33   2                      if(S6 == 0)
  34   2                      {
  35   3                              yi = 11,er = 11,san = 11,si = 11,wu = 11,liu = 11,qi = 11,ba = 11;
  36   3                       }
  37   2      
  38   2                      else if(S6 == 1)
  39   2                      {
  40   3                              if(Interval >= 1000)
  41   3                              {
  42   4                                      if(flag == 1)
  43   4                                      {yi = 10,er = mode,san = 10,si = 11,wu = Interval/1000, liu = Interval/100%10,qi = Interval/10%10,ba =
             - Interval%10;}
  44   4                                      else if(flag == 0)
  45   4                                      {yi = 11,er = 11,san = 11,si = 11,wu = Interval/1000, liu = Interval/100%10,qi = Interval/10%10,ba = I
             -nterval%10;}
  46   4                              }
  47   3                              else if(Interval < 1000)
  48   3                              {
  49   4                                      if(flag == 1)
  50   4                                      {yi = 10,er = mode,san = 10,si = 11,wu = 11, liu = Interval/100,qi = Interval/10%10,ba = Interval%10;}
  51   4                                      else if(flag == 0)
  52   4                                      {yi = 11,er = 11,san = 11,si = 11,wu = 11, liu = Interval/100,qi = Interval/10%10,ba = Interval%10;}
  53   4                              }
C51 COMPILER V9.00   MAIN                                                                  03/20/2019 21:56:14 PAGE 2   

  54   3                      }
  55   2                      else if(S6 == 2)
  56   2                      {
  57   3                              if(Interval >= 1000)
  58   3                              {
  59   4                                      if(flag == 1)
  60   4                                      {yi = 10,er = mode,san = 10,si = 11,wu = Interval/1000,liu = Interval/100%10,qi = Interval/10%10,ba = 
             -Interval%10;}
  61   4                                      else if(flag == 0)
  62   4                                      {yi = 10,er = mode,san = 10,si = 11,wu = 11,liu = 11,qi = 11,ba = 11;}  
  63   4                              }
  64   3                              else if(Interval < 1000)
  65   3                              {
  66   4                                       if(flag == 1)
  67   4                                      {yi = 10,er = mode,san = 10,si = 11,wu = 11,liu = Interval/100,qi = Interval/10%10,ba = Interval%10;}
  68   4                                      else if(flag == 0)
  69   4                                      {yi = 10,er = mode,san = 10,si = 11,wu = 11,liu = 11,qi = 11,ba = 11;}  
  70   4                              }
  71   3                      }
  72   2                       
  73   2                      Key();
  74   2               Display1(yi,er); 
  75   2               Display2(san,si);
  76   2               Display3(wu,liu);
  77   2               Display4(qi,ba);       
  78   2              }
  79   1      }
  80          
  81          void Time0() interrupt 1
  82          {
  83   1              static uint i,j;
  84   1                      if(S7 == 1)
  85   1                      {
  86   2              if(++i >= Interval/2)  //400 interval
  87   2              {
  88   3                      i = 0;
  89   3                      LED_blibli(mode);
  90   3              }
  91   2              }
  92   1              if(++j >= 400)
  93   1              {
  94   2                      j = 0;
  95   2                       flag = ~flag;
  96   2              }
  97   1      }
  98          
  99          void LED_blibli(uchar mode)
 100          {
 101   1              static uchar i = 0;
 102   1              static uchar temp;
 103   1              static uchar tem1,tem2;
 104   1              if(mode == 1)
 105   1              {
 106   2                      temp = 0xfe;
 107   2                      P2 = 0x80;
 108   2                      P0 = _crol_(temp,i);
 109   2                      if(++i >= 8)
 110   2                      {i = 0;temp = 0xfe;}
 111   2              }
 112   1              else if(mode == 2)
 113   1              {
 114   2                      temp = 0x7f;
C51 COMPILER V9.00   MAIN                                                                  03/20/2019 21:56:14 PAGE 3   

 115   2                      P2 = 0x80;
 116   2                      P0 = _cror_(temp,i);
 117   2                      if(++i >= 8)
 118   2                      {i = 0;temp = 0x7f;}
 119   2              }
 120   1              else if(mode == 3)
 121   1              {       
 122   2                      tem1 = 0x7f;
 123   2                      tem2 = 0xfe;
 124   2                      P2 = 0x80;
 125   2                      P0 = _cror_(tem1,i)&_crol_(tem2,i);
 126   2                      if(++i > 4)
 127   2                      {i = 0;tem1 = 0x7f;tem2 = 0xfe;}
 128   2              }
 129   1              else if(mode == 4)
 130   1              {
 131   2                      tem1 = 0xef;
 132   2                      tem2 = 0xf7;
 133   2                      P2 = 0x80;
 134   2                      P0 = _crol_(tem1,i)&_cror_(tem2,i);
 135   2                      if(++i > 4)
 136   2                      {i = 0;tem1 = 0xef;tem2 = 0xf7;}
 137   2              }
 138   1      }
 139          
 140          void Timer0Init(void)           //2毫秒@11.0592MHz
 141          {
 142   1              AUXR |= 0x80;           //定时器时钟1T模式
 143   1              TMOD &= 0xF0;           //设置定时器模式
 144   1              TL0 = 0x9A;             //设置定时初值
 145   1              TH0 = 0xA9;             //设置定时初值
 146   1              TF0 = 0;                //清除TF0标志
 147   1              TR0 = 1;                //定时器0开始计时
 148   1      }
 149          
 150          void InitAll()
 151          {
 152   1              P2 = 0xa0; P0 = 0x00;
 153   1              P2 = 0x80; P0 = 0xff;
 154   1              P2 = 0xc0; P0 = 0xff;
 155   1              P2 = 0xff; P0 = 0xff;
 156   1      }


MODULE INFORMATION:   STATIC OVERLAYABLE
   CODE SIZE        =    722    ----
   CONSTANT SIZE    =   ----    ----
   XDATA SIZE       =   ----    ----
   PDATA SIZE       =   ----    ----
   DATA SIZE        =     14    ----
   IDATA SIZE       =   ----    ----
   BIT SIZE         =      1    ----
END OF MODULE INFORMATION.


C51 COMPILATION COMPLETE.  0 WARNING(S),  0 ERROR(S)
