C51 COMPILER V9.56.0.0   MAIN                                                              10/04/2017 18:19:31 PAGE 1   


C51 COMPILER V9.56.0.0, COMPILATION OF MODULE MAIN
OBJECT MODULE PLACED IN .\Objects\main.obj
COMPILER INVOKED BY: C:\Keil_v5\C51\BIN\C51.EXE main.c OPTIMIZE(8,SPEED) BROWSE DEBUG OBJECTEXTEND PRINT(.\Listings\main
                    -.lst) TABS(2) OBJECT(.\Objects\main.obj)

line level    source

   1          #include<STC15F2K60S2.H>
   2          #include "onewire.h"
   3          
   4          #define uchar unsigned char
   5          #define uint unsigned int
   6            
   7          uchar code tab[]={0xc0,0xf9,0xa4,0xb0,0x99,0x92,0x82,0xf8,0x80,0x90,0xbf,0xff}; 
   8          uchar yi,er,san,si,wu,liu,qi,ba;
   9          uchar wendu;
  10          uchar max=30,min=20,qujian=0;
  11          uchar tt=0;
  12          uchar num=0;
  13          bit fla=0;
  14          bit shezhi=0,qingchu=0,flag=0;
  15          
  16          void allinit(void);
  17          void delayms(uint ms);
  18          void keyscan16(void);
  19          void display1(uchar yi,uchar er);
  20          void display2(uchar san,uchar si);
  21          void display3(uchar wu,uchar liu);
  22          void display4(uchar qi,uchar ba);
  23          void Timer0Init(void);
  24          
  25          void main(void)
  26          {
  27   1        allinit();
  28   1        Timer0Init();
  29   1        yi=10;er=1;san=10;si=11;wu=11;liu=11;qi=0;ba=0;
  30   1        while(1)
  31   1        {
  32   2          if(shezhi==0)
  33   2          {
  34   3            wendu=Tempget();
  35   3            if(wendu<min)
  36   3            {
  37   4              qujian=0;P2=0XA0;P0=0X00;
  38   4            }
  39   3            else if((wendu>=min)&&(wendu<=max))
  40   3            {
  41   4              qujian=1;P2=0XA0;P0=0X00;
  42   4            }
  43   3            else if(wendu>max)
  44   3            {
  45   4              qujian=2;P2=0XA0;P0=0X10;
  46   4            }
  47   3            yi=10;er=qujian;san=10;si=11;wu=11;liu=11;qi=wendu/10;ba=wendu%10;        
  48   3          }
  49   2          else if(shezhi==1)
  50   2          {
  51   3            if(qingchu==1)
  52   3            {
  53   4              qingchu=0;
  54   4              yi=10;er=11;san=11;si=11;wu=11;liu=10;qi=11;ba=11;  
C51 COMPILER V9.56.0.0   MAIN                                                              10/04/2017 18:19:31 PAGE 2   

  55   4            }
  56   3            
  57   3            if((er==11)&&(flag==1))
  58   3            {
  59   4              flag=0;er=num;  
  60   4            }
  61   3            else if((san==11)&&(flag==1))
  62   3            {
  63   4              flag=0;san=num;
  64   4            }
  65   3            else if((qi==11)&&(flag==1))
  66   3            {
  67   4              flag=0;qi=num;
  68   4            }
  69   3            else if((ba==11)&&(flag==1))
  70   3            {
  71   4              flag=0;ba=num;
  72   4              if((qi*10+ba)>(er*10+san))
  73   4              {
  74   5                yi=10;er=11;san=11;si=11;wu=11;liu=10;qi=11;ba=11;
  75   5                P2=0X80;P0=0XFD;
  76   5              }     
  77   4            }
  78   3          }
  79   2          
  80   2          keyscan16();
  81   2          display1(yi,er);
  82   2          display2(san,si);
  83   2          display3(wu,liu);
  84   2          display4(qi,ba);
  85   2        }
  86   1      }
  87          
  88          void Timer0Init(void)   //5毫秒@11.0592MHz
  89          {
  90   1        AUXR |= 0x80;   //定时器时钟1T模式
  91   1        TMOD &= 0xF0;   //设置定时器模式
  92   1        TL0 = 0x00;   //设置定时初值
  93   1        TH0 = 0x28;   //设置定时初值
  94   1        TF0 = 0;    //清除TF0标志
  95   1        TR0 = 1;    //定时器0开始计时
  96   1        
  97   1        ET0=1;
  98   1        EA=1;
  99   1      }
 100          
 101          void timer0() interrupt 1
 102          {
 103   1        tt++;
 104   1        if((qujian==0)&&(tt==160))
 105   1        {
 106   2          tt=0;
 107   2          if(fla==0){fla=1;P2=0X80;P0=0XFE;}
 108   2          else if(fla==1){fla=0;P2=0X80;P0=0XFF;}
 109   2        }
 110   1        else  if((qujian==1)&&(tt==80))
 111   1        {
 112   2          tt=0;
 113   2          if(fla==0){fla=1;P2=0X80;P0=0XFE;}
 114   2          else if(fla==1){fla=0;P2=0X80;P0=0XFF;}
 115   2        }
 116   1        else  if((qujian==2)&&(tt==40))
C51 COMPILER V9.56.0.0   MAIN                                                              10/04/2017 18:19:31 PAGE 3   

 117   1        {
 118   2          tt=0;
 119   2          if(fla==0){fla=1;P2=0X80;P0=0XFE;}
 120   2          else if(fla==1){fla=0;P2=0X80;P0=0XFF;}
 121   2        }
 122   1      }
 123          
 124          void keyscan16(void)
 125          {
 126   1        uchar temp;
 127   1        P3=0X7F;P44=0;P42=1;
 128   1        temp=P3;
 129   1        temp=temp&0x0f;
 130   1        if(temp!=0x0f)
 131   1        {
 132   2          delayms(5);
 133   2          temp=P3;
 134   2          temp=temp&0x0f;
 135   2          if(temp!=0x0f)
 136   2          {
 137   3            temp=P3;
 138   3            switch(temp)
 139   3            {
 140   4              case 0x7e:num=0; flag=1; break;
 141   4              case 0x7d:num=3; flag=1; break;
 142   4              case 0x7b:num=6; flag=1; break;
 143   4              case 0x77:num=9; flag=1; break;
 144   4            }
 145   3            while(temp!=0x0f)
 146   3            {
 147   4              temp=P3;
 148   4              temp=temp&0x0f;
 149   4            }
 150   3          }
 151   2        }
 152   1        
 153   1        P3=0XbF;P44=1;P42=0;
 154   1        temp=P3;
 155   1        temp=temp&0x0f;
 156   1        if(temp!=0x0f)
 157   1        {
 158   2          delayms(5);
 159   2          temp=P3;
 160   2          temp=temp&0x0f;
 161   2          if(temp!=0x0f)
 162   2          {
 163   3            temp=P3;
 164   3            switch(temp)
 165   3            {
 166   4              case 0xbe:num=1;flag=1;  break;
 167   4              case 0xbd:num=4;flag=1; break;
 168   4              case 0xbb:num=7;flag=1; break;
 169   4              case 0xb7:
 170   4                if(shezhi==0)
 171   4                {
 172   5                  shezhi=1;
 173   5                  ET0=0;EA=0;
 174   5                  P2=0X80;P0=0XFF;P2=0XA0;P0=0X00;
 175   5                  yi=10;er=11;san=11;si=11;wu=11;liu=10;qi=11;ba=11;  
 176   5                }
 177   4                else if(shezhi==1)
 178   4                {
C51 COMPILER V9.56.0.0   MAIN                                                              10/04/2017 18:19:31 PAGE 4   

 179   5                  shezhi=0;
 180   5                  ET0=1;EA=1;
 181   5                  P2=0X80;P0=0XFF;
 182   5                  max=er*10+san;
 183   5                  min=qi*10+ba;
 184   5                }
 185   4                break;
 186   4            }
 187   3            while(temp!=0x0f)
 188   3            {
 189   4              temp=P3;
 190   4              temp=temp&0x0f;
 191   4            }
 192   3          }
 193   2        }
 194   1        
 195   1        P3=0XDF;P44=1;P42=1;
 196   1        temp=P3;
 197   1        temp=temp&0x0f;
 198   1        if(temp!=0x0f)
 199   1        {
 200   2          delayms(5);
 201   2          temp=P3;
 202   2          temp=temp&0x0f;
 203   2          if(temp!=0x0f)
 204   2          {
 205   3            temp=P3;
 206   3            switch(temp)
 207   3            {
 208   4              case 0xde:num=2;flag=1;  break;
 209   4              case 0xdd:num=5;flag=1;  break;
 210   4              case 0xdb:num=8;flag=1;  break;
 211   4              case 0xd7:qingchu=1; break;
 212   4            }
 213   3            while(temp!=0x0f)
 214   3            {
 215   4              temp=P3;
 216   4              temp=temp&0x0f;
 217   4            }
 218   3          }
 219   2        }
 220   1      }
 221          
 222          void allinit(void)
 223          {
 224   1        P2=0XA0;
 225   1        P0=0x00;//关闭蜂鸣器继电器
 226   1        
 227   1        P2=0X80;
 228   1        P0=0XFF;//关闭LED灯
 229   1        
 230   1        P2=0XC0;
 231   1        P0=0XFF;//选择所有数码管
 232   1        P2=0XFF;
 233   1        P0=0XFF;//关闭多有数码管  
 234   1      }
 235          
 236          void display1(uchar yi,uchar er)
 237          {
 238   1        P2=0XC0;
 239   1        P0=0X01;//选择所有数码管
 240   1        P2=0XFF;
C51 COMPILER V9.56.0.0   MAIN                                                              10/04/2017 18:19:31 PAGE 5   

 241   1        P0=tab[yi];//关闭多有数码管 
 242   1        delayms(1);
 243   1        
 244   1        P2=0XC0;
 245   1        P0=0X02;//选择所有数码管
 246   1        P2=0XFF;
 247   1        P0=tab[er];//关闭多有数码管 
 248   1        delayms(1);
 249   1      }
 250          
 251          void display2(uchar san,uchar si)
 252          {
 253   1        P2=0XC0;
 254   1        P0=0X04;//选择所有数码管
 255   1        P2=0XFF;
 256   1        P0=tab[san];//关闭多有数码管  
 257   1        delayms(1);
 258   1        
 259   1        P2=0XC0;
 260   1        P0=0X08;//选择所有数码管
 261   1        P2=0XFF;
 262   1        P0=tab[si];//关闭多有数码管 
 263   1        delayms(1);
 264   1      }
 265          
 266          void display3(uchar wu,uchar liu)
 267          {
 268   1        P2=0XC0;
 269   1        P0=0X10;//选择所有数码管
 270   1        P2=0XFF;
 271   1        P0=tab[wu];//关闭多有数码管 
 272   1        delayms(1);
 273   1        
 274   1        P2=0XC0;
 275   1        P0=0X20;//选择所有数码管
 276   1        P2=0XFF;
 277   1        P0=tab[liu];//关闭多有数码管  
 278   1        delayms(1);
 279   1      }
 280          
 281          void display4(uchar qi,uchar ba)
 282          {
 283   1        P2=0XC0;
 284   1        P0=0X40;//选择所有数码管
 285   1        P2=0XFF;
 286   1        P0=tab[qi];//关闭多有数码管 
 287   1        delayms(1);
 288   1        
 289   1        P2=0XC0;
 290   1        P0=0X80;//选择所有数码管
 291   1        P2=0XFF;
 292   1        P0=tab[ba];//关闭多有数码管 
 293   1        delayms(1);
 294   1        
 295   1        P2=0XC0;
 296   1        P0=0XFF;//选择所有数码管
 297   1        P2=0XFF;
 298   1        P0=0XFF;//关闭多有数码管  
 299   1      }
 300          
 301          void delayms(uint ms)
 302          {
C51 COMPILER V9.56.0.0   MAIN                                                              10/04/2017 18:19:31 PAGE 6   

 303   1        uint i,j;
 304   1        for(i=ms;i>0;i--)
 305   1          for(j=845;j>0;j--);
 306   1      }


MODULE INFORMATION:   STATIC OVERLAYABLE
   CODE SIZE        =   1037    ----
   CONSTANT SIZE    =     12    ----
   XDATA SIZE       =   ----    ----
   PDATA SIZE       =   ----    ----
   DATA SIZE        =     14       5
   IDATA SIZE       =   ----    ----
   BIT SIZE         =      4    ----
END OF MODULE INFORMATION.


C51 COMPILATION COMPLETE.  0 WARNING(S),  0 ERROR(S)
