C51 COMPILER V9.00   MAIN                                                                  03/09/2018 16:08:46 PAGE 1   


C51 COMPILER V9.00, COMPILATION OF MODULE MAIN
OBJECT MODULE PLACED IN .\Objects\main.obj
COMPILER INVOKED BY: C:\Keil_v5\C51\BIN\C51.EXE main.c OPTIMIZE(8,SPEED) BROWSE DEBUG OBJECTEXTEND PRINT(.\Listings\main
                    -.lst) TABS(2) OBJECT(.\Objects\main.obj)

line level    source

   1          #include"STC15F2K60S2.h"
   2          #include"allinit.h"
   3          #include"smg.h"
   4          #include"keypad.h"
   5          #include"iic.c"
   6          
   7          #define uchar unsigned char
   8          #define uint unsigned int
   9          
  10          uint WATER_PRICE = 0.5 * 100,TOTAL_PRICES = 0; //水价，总水量，总价
  11          uint ADC_Value;
  12          
  13          void main(void)
  14          {
  15   1        allinit();
  16   1        smg_Timer0init();
  17   1        while(1)
  18   1        {
  19   2          key_down();
  20   2          ADC_Read(0x01,&ADC_Value);
  21   2          ADC_Value = fun(ADC_Value);
  22   2          if(ADC_Value > 125)  // 1.25
  23   2            LED1(0);
  24   2          else
  25   2            LED1(1);
  26   2          dspbuff[0] = 16; 
  27   2          dspbuff[1] = ADC_Value / 100 + 18; //小数点
  28   2          dspbuff[2] = ADC_Value / 10 % 10;
  29   2          dspbuff[3] = ADC_Value % 10;
  30   2          if(overflag == 0)
  31   2          {
  32   3            dspbuff[4] = WATER_TOTAL  / 1000;
  33   3            dspbuff[5] = WATER_TOTAL  % 1000 / 100 + 18;
  34   3            dspbuff[6] = WATER_TOTAL  % 100 / 10 ;
  35   3            dspbuff[7] = WATER_TOTAL  % 10;
  36   3          }
  37   2          if(key_value == 7)
  38   2          { 
  39   3            RELAY(1); 
  40   3            if(flag100ms == 1 && fallflag == 1)
  41   3            {
  42   4              flag100ms = 0;
  43   4              WATER_TOTAL++;
  44   4            }
  45   3          }
  46   2          if(key_value == 6 | WATER_TOTAL == 1099 )
  47   2          {
  48   3            fallflag = 0;
  49   3            overflag = 1;
  50   3            RELAY(0);
  51   3            TOTAL_PRICES =  WATER_PRICE *  WATER_TOTAL / 100;  // 实际 ( WATER_PRICE / 100 ) * ( WATER_TOTAL / 100 
             -) * 100
  52   3            dspbuff[4] = TOTAL_PRICES  / 1000;
  53   3            dspbuff[5] = TOTAL_PRICES  % 1000 / 100 + 18;
C51 COMPILER V9.00   MAIN                                                                  03/09/2018 16:08:46 PAGE 2   

  54   3            dspbuff[6] = TOTAL_PRICES  % 100 / 10 ;
  55   3            dspbuff[7] = TOTAL_PRICES  % 10;
  56   3          }
  57   2        }
  58   1      }
*** WARNING C290 IN LINE 130 OF MAIN.C: missing return value


MODULE INFORMATION:   STATIC OVERLAYABLE
   CODE SIZE        =   1066    ----
   CONSTANT SIZE    =   ----    ----
   XDATA SIZE       =   ----    ----
   PDATA SIZE       =   ----    ----
   DATA SIZE        =     48       6
   IDATA SIZE       =   ----    ----
   BIT SIZE         =      4       2
END OF MODULE INFORMATION.


C51 COMPILATION COMPLETE.  1 WARNING(S),  0 ERROR(S)
