C51 COMPILER V9.56.0.0   MAIN                                                              10/05/2017 17:45:49 PAGE 1   


C51 COMPILER V9.56.0.0, COMPILATION OF MODULE MAIN
OBJECT MODULE PLACED IN .\Objects\main.obj
COMPILER INVOKED BY: C:\Keil_v5\C51\BIN\C51.EXE main.c OPTIMIZE(8,SPEED) BROWSE DEBUG OBJECTEXTEND PRINT(.\Listings\main
                    -.lst) TABS(2) OBJECT(.\Objects\main.obj)

line level    source

   1          #include<STC15F2K60S2.H>
   2          #include "onewire.h"
   3          
   4          #define uchar unsigned char
   5          #define uint unsigned int
   6            
   7          uchar code tab[]={0xc0,0xf9,0xa4,0xb0,0x99,0x92,0x82,0xf8,0x80,0x90,0xbf,0xff,0xc6}; 
   8          uchar yi,er,san,si,wu,liu,qi,ba;
   9          uchar mode=1;
  10          uchar Time=0;
  11          uchar tt=0;
  12          uint miao=0;
  13          bit shiwen=0;
  14          bit fla=0;
  15          
  16          void allinit(void);
  17          void delayms(uint ms);
  18          void keyscan(void);
  19          void display1(uchar yi,uchar er);
  20          void display2(uchar san,uchar si);
  21          void display3(uchar wu,uchar liu);
  22          void display4(uchar qi,uchar ba);
  23          void Timer0Init(void);
  24          
  25          void main(void)
  26          {
  27   1        allinit();
  28   1        Timer0Init();
  29   1        yi=10;er=1;san=10;si=11;wu=0;liu=0;qi=5;ba=0;
  30   1        while(1)
  31   1        {
  32   2          if(shiwen==0)
  33   2          {
  34   3            yi=10;er=mode;san=10;si=11;
  35   3            wu=Time/1000;liu=Time%1000/100;qi=Time%100/10;ba=Time%10;
  36   3          }
  37   2          else if(shiwen==1)
  38   2          {
  39   3            yi=10;er=4;san=10;si=11;wu=11;
  40   3            liu=Tempget()/10;qi=Tempget()%10;ba=12;
  41   3          }
  42   2          
  43   2          if(Time>0)
  44   2          {
  45   3            if(mode==1){P2=0X80;P0=0XFE;}
  46   3            else if(mode==2){P2=0X80;P0=0XFD;}
  47   3            else if(mode==3){P2=0X80;P0=0XFB;}
  48   3          }
  49   2          else {P2=0X80;P0=0XFF;fla=0;}
  50   2          
  51   2          keyscan();
  52   2          display1(yi,er);
  53   2          display2(san,si);
  54   2          display3(wu,liu);
C51 COMPILER V9.56.0.0   MAIN                                                              10/05/2017 17:45:49 PAGE 2   

  55   2          display4(qi,ba);
  56   2        }
  57   1      }
  58          
  59          void Timer0Init(void)   //100微秒@11.0592MHz   // 10
  60          {
  61   1        AUXR |= 0x80;   //定时器时钟1T模式
  62   1        TMOD &= 0xF0;   //设置定时器模式
  63   1        TL0 = 0xAE;   //设置定时初值
  64   1        TH0 = 0xFB;   //设置定时初值
  65   1        TF0 = 0;    //清除TF0标志
  66   1        TR0 = 1;    //定时器0开始计时
  67   1        
  68   1        ET0=1;
  69   1        EA=1;
  70   1      }
  71          
  72          
  73          void timer0() interrupt 1
  74          {
  75   1        tt++;miao++;
  76   1        
  77   1        if(tt==11)tt=1;
  78   1        
  79   1        if(Time>0)
  80   1        {
  81   2          if(mode==1)
  82   2          {
  83   3            if(tt<3)P34=1;
  84   3            else P34=0;
  85   3          }
  86   2          else if(mode==2)
  87   2          {
  88   3            if(tt<4)P34=1;
  89   3            else P34=0;
  90   3          }
  91   2          else if(mode==3)
  92   2          {
  93   3            if(tt<8)P34=1;
  94   3            else P34=0;
  95   3          }
  96   2        }
  97   1        
  98   1        if(miao==10000)
  99   1        {
 100   2          miao=0;
 101   2          if(Time>0)Time--;
 102   2        }
 103   1      }
 104          
 105          
 106          
 107          void keyscan(void)
 108          {
 109   1        if(P30==0)
 110   1        {
 111   2          delayms(5);
 112   2          if(P30==0)
 113   2          {
 114   3            shiwen=~shiwen;
 115   3          }
 116   2          while(!P30);
C51 COMPILER V9.56.0.0   MAIN                                                              10/05/2017 17:45:49 PAGE 3   

 117   2        }
 118   1        else if(P31==0)
 119   1        {
 120   2          delayms(5);
 121   2          if(P31==0)
 122   2          {
 123   3            Time=0;fla=0;
 124   3          }
 125   2          while(!P31);
 126   2        }
 127   1        else if(P32==0)
 128   1        {
 129   2          delayms(5);
 130   2          if(P32==0)
 131   2          {
 132   3            if(Time==0)Time=60;
 133   3            else if((Time>0)&&(fla==0)){Time=120;fla=1;}
 134   3            else if(fla==1){Time=0;fla=0;}
 135   3          }
 136   2          while(!P32);
 137   2        }
 138   1        else if(P33==0)
 139   1        {
 140   2          delayms(5);
 141   2          if(P33==0)
 142   2          {
 143   3            if(mode==1)mode=2;
 144   3            else if(mode==2)mode=3;
 145   3            else if(mode==3)mode=1;
 146   3          }
 147   2          while(!P33);
 148   2        }
 149   1      }
 150          
 151          void allinit(void)
 152          {
 153   1        P2=0XA0;
 154   1        P0=0x00;//关闭蜂鸣器继电器
 155   1        
 156   1        P2=0X80;
 157   1        P0=0XFF;//关闭LED灯
 158   1        
 159   1        P2=0XC0;
 160   1        P0=0XFF;//选择所有数码管
 161   1        P2=0XFF;
 162   1        P0=0XFF;//关闭多有数码管  
 163   1      }
 164          
 165          void display1(uchar yi,uchar er)
 166          {
 167   1        P2=0XC0;
 168   1        P0=0X01;//选择所有数码管
 169   1        P2=0XFF;
 170   1        P0=tab[yi];//关闭多有数码管 
 171   1        delayms(1);
 172   1        
 173   1        P2=0XC0;
 174   1        P0=0X02;//选择所有数码管
 175   1        P2=0XFF;
 176   1        P0=tab[er];//关闭多有数码管 
 177   1        delayms(1);
 178   1      }
C51 COMPILER V9.56.0.0   MAIN                                                              10/05/2017 17:45:49 PAGE 4   

 179          
 180          void display2(uchar san,uchar si)
 181          {
 182   1        P2=0XC0;
 183   1        P0=0X04;//选择所有数码管
 184   1        P2=0XFF;
 185   1        P0=tab[san];//关闭多有数码管  
 186   1        delayms(1);
 187   1        
 188   1        P2=0XC0;
 189   1        P0=0X08;//选择所有数码管
 190   1        P2=0XFF;
 191   1        P0=tab[si];//关闭多有数码管 
 192   1        delayms(1);
 193   1      }
 194          
 195          void display3(uchar wu,uchar liu)
 196          {
 197   1        P2=0XC0;
 198   1        P0=0X10;//选择所有数码管
 199   1        P2=0XFF;
 200   1        P0=tab[wu];//关闭多有数码管 
 201   1        delayms(1);
 202   1        
 203   1        P2=0XC0;
 204   1        P0=0X20;//选择所有数码管
 205   1        P2=0XFF;
 206   1        P0=tab[liu];//关闭多有数码管  
 207   1        delayms(1);
 208   1      }
 209          
 210          void display4(uchar qi,uchar ba)
 211          {
 212   1        P2=0XC0;
 213   1        P0=0X40;//选择所有数码管
 214   1        P2=0XFF;
 215   1        P0=tab[qi];//关闭多有数码管 
 216   1        delayms(1);
 217   1        
 218   1        P2=0XC0;
 219   1        P0=0X80;//选择所有数码管
 220   1        P2=0XFF;
 221   1        P0=tab[ba];//关闭多有数码管 
 222   1        delayms(1);
 223   1        
 224   1        P2=0XC0;
 225   1        P0=0XFF;//选择所有数码管
 226   1        P2=0XFF;
 227   1        P0=0XFF;//关闭多有数码管  
 228   1      }
 229          
 230          void delayms(uint ms)
 231          {
 232   1        uint i,j;
 233   1        for(i=ms;i>0;i--)
 234   1          for(j=845;j>0;j--);
 235   1      }


MODULE INFORMATION:   STATIC OVERLAYABLE
   CODE SIZE        =    731    ----
   CONSTANT SIZE    =     13    ----
C51 COMPILER V9.56.0.0   MAIN                                                              10/05/2017 17:45:49 PAGE 5   

   XDATA SIZE       =   ----    ----
   PDATA SIZE       =   ----    ----
   DATA SIZE        =     13       4
   IDATA SIZE       =   ----    ----
   BIT SIZE         =      2    ----
END OF MODULE INFORMATION.


C51 COMPILATION COMPLETE.  0 WARNING(S),  0 ERROR(S)
